2024-06-29 15:32:29,001 [DESKTOP-00GDGS0]  INFO 9412 [           main] c.w.h.HealthCareApiApplication           50 : Starting HealthCareApiApplication using Java 21 with PID 9412 (C:\Users\Xunhaoz\IdeaProjects\health-care-api\build\classes\java\main started by Xunhaoz in C:\Users\Xunhaoz\IdeaProjects\health-care-api)
2024-06-29 15:32:29,005 [DESKTOP-00GDGS0]  INFO 9412 [           main] c.w.h.HealthCareApiApplication           654 : No active profile set, falling back to 1 default profile: "default"
2024-06-29 15:32:29,998 [DESKTOP-00GDGS0]  INFO 9412 [           main] o.s.b.w.embedded.tomcat.TomcatWebServer  109 : Tomcat initialized with port 8080 (http)
2024-06-29 15:32:30,010 [DESKTOP-00GDGS0]  INFO 9412 [           main] o.a.coyote.http11.Http11NioProtocol      173 : The ["http-nio-8080"] connector has been configured to support HTTP upgrade to [h2c]
2024-06-29 15:32:30,011 [DESKTOP-00GDGS0]  INFO 9412 [           main] o.a.coyote.http11.Http11NioProtocol      173 : Initializing ProtocolHandler ["http-nio-8080"]
2024-06-29 15:32:30,013 [DESKTOP-00GDGS0]  INFO 9412 [           main] o.apache.catalina.core.StandardService   173 : Starting service [Tomcat]
2024-06-29 15:32:30,013 [DESKTOP-00GDGS0]  INFO 9412 [           main] o.apache.catalina.core.StandardEngine    173 : Starting Servlet engine: [Apache Tomcat/10.1.25]
2024-06-29 15:32:30,073 [DESKTOP-00GDGS0]  INFO 9412 [           main] o.a.c.c.C.[Tomcat].[localhost].[/]       173 : Initializing Spring embedded WebApplicationContext
2024-06-29 15:32:30,074 [DESKTOP-00GDGS0]  INFO 9412 [           main] w.s.c.ServletWebServerApplicationContext 296 : Root WebApplicationContext: initialization completed in 1020 ms
2024-06-29 15:32:30,800 [DESKTOP-00GDGS0]  INFO 9412 [           main] o.a.coyote.http11.Http11NioProtocol      173 : Starting ProtocolHandler ["http-nio-8080"]
2024-06-29 15:32:30,812 [DESKTOP-00GDGS0]  INFO 9412 [           main] o.s.b.w.embedded.tomcat.TomcatWebServer  241 : Tomcat started on port 8080 (http) with context path ''
2024-06-29 15:32:30,820 [DESKTOP-00GDGS0]  INFO 9412 [           main] c.w.h.HealthCareApiApplication           56 : Started HealthCareApiApplication in 2.473 seconds (process running for 3.12)
2024-06-29 15:32:45,205 [DESKTOP-00GDGS0]  INFO 9412 [omcat-handler-0] o.a.c.c.C.[Tomcat].[localhost].[/]       173 : Initializing Spring DispatcherServlet 'dispatcherServlet'
2024-06-29 15:32:45,205 [DESKTOP-00GDGS0]  INFO 9412 [omcat-handler-0] o.s.web.servlet.DispatcherServlet        532 : Initializing Servlet 'dispatcherServlet'
2024-06-29 15:32:45,206 [DESKTOP-00GDGS0]  INFO 9412 [omcat-handler-0] o.s.web.servlet.DispatcherServlet        554 : Completed initialization in 0 ms
2024-06-29 15:32:45,326 [DESKTOP-00GDGS0]  INFO 9412 [omcat-handler-0] com.zaxxer.hikari.HikariDataSource       110 : HikariPool-1 - Starting...
2024-06-29 15:32:45,479 [DESKTOP-00GDGS0]  INFO 9412 [omcat-handler-0] com.zaxxer.hikari.pool.HikariPool        565 : HikariPool-1 - Added connection com.mysql.cj.jdbc.ConnectionImpl@3c82b718
2024-06-29 15:32:45,481 [DESKTOP-00GDGS0]  INFO 9412 [omcat-handler-0] com.zaxxer.hikari.HikariDataSource       123 : HikariPool-1 - Start completed.
2024-06-29 15:33:01,187 [DESKTOP-00GDGS0]  INFO 9412 [ionShutdownHook] com.zaxxer.hikari.HikariDataSource       350 : HikariPool-1 - Shutdown initiated...
2024-06-29 15:33:01,195 [DESKTOP-00GDGS0]  INFO 9412 [ionShutdownHook] com.zaxxer.hikari.HikariDataSource       352 : HikariPool-1 - Shutdown completed.
