2024-06-29 15:41:41,398 [DESKTOP-00GDGS0]  INFO 27200 [           main] c.w.h.HealthCareApiApplication           50 : Starting HealthCareApiApplication using Java 21 with PID 27200 (C:\Users\Xunhaoz\IdeaProjects\health-care-api\build\classes\java\main started by Xunhaoz in C:\Users\Xunhaoz\IdeaProjects\health-care-api)
2024-06-29 15:41:41,402 [DESKTOP-00GDGS0]  INFO 27200 [           main] c.w.h.HealthCareApiApplication           654 : No active profile set, falling back to 1 default profile: "default"
2024-06-29 15:41:42,598 [DESKTOP-00GDGS0]  INFO 27200 [           main] o.s.b.w.embedded.tomcat.TomcatWebServer  109 : Tomcat initialized with port 8080 (http)
2024-06-29 15:41:42,614 [DESKTOP-00GDGS0]  INFO 27200 [           main] o.a.coyote.http11.Http11NioProtocol      173 : The ["http-nio-8080"] connector has been configured to support HTTP upgrade to [h2c]
2024-06-29 15:41:42,614 [DESKTOP-00GDGS0]  INFO 27200 [           main] o.a.coyote.http11.Http11NioProtocol      173 : Initializing ProtocolHandler ["http-nio-8080"]
2024-06-29 15:41:42,616 [DESKTOP-00GDGS0]  INFO 27200 [           main] o.apache.catalina.core.StandardService   173 : Starting service [Tomcat]
2024-06-29 15:41:42,618 [DESKTOP-00GDGS0]  INFO 27200 [           main] o.apache.catalina.core.StandardEngine    173 : Starting Servlet engine: [Apache Tomcat/10.1.25]
2024-06-29 15:41:42,696 [DESKTOP-00GDGS0]  INFO 27200 [           main] o.a.c.c.C.[Tomcat].[localhost].[/]       173 : Initializing Spring embedded WebApplicationContext
2024-06-29 15:41:42,696 [DESKTOP-00GDGS0]  INFO 27200 [           main] w.s.c.ServletWebServerApplicationContext 296 : Root WebApplicationContext: initialization completed in 1244 ms
2024-06-29 15:41:43,492 [DESKTOP-00GDGS0]  INFO 27200 [           main] o.a.coyote.http11.Http11NioProtocol      173 : Starting ProtocolHandler ["http-nio-8080"]
2024-06-29 15:41:43,507 [DESKTOP-00GDGS0]  INFO 27200 [           main] o.s.b.w.embedded.tomcat.TomcatWebServer  241 : Tomcat started on port 8080 (http) with context path ''
2024-06-29 15:41:43,515 [DESKTOP-00GDGS0]  INFO 27200 [           main] c.w.h.HealthCareApiApplication           56 : Started HealthCareApiApplication in 2.9 seconds (process running for 3.521)
2024-06-29 15:41:43,587 [DESKTOP-00GDGS0]  INFO 27200 [omcat-handler-0] o.a.c.c.C.[Tomcat].[localhost].[/]       173 : Initializing Spring DispatcherServlet 'dispatcherServlet'
2024-06-29 15:41:43,588 [DESKTOP-00GDGS0]  INFO 27200 [omcat-handler-0] o.s.web.servlet.DispatcherServlet        532 : Initializing Servlet 'dispatcherServlet'
2024-06-29 15:41:43,589 [DESKTOP-00GDGS0]  INFO 27200 [omcat-handler-0] o.s.web.servlet.DispatcherServlet        554 : Completed initialization in 1 ms
2024-06-29 15:41:55,595 [DESKTOP-00GDGS0]  INFO 24780 [           main] c.w.h.HealthCareApiApplication           50 : Starting HealthCareApiApplication using Java 21 with PID 24780 (C:\Users\Xunhaoz\IdeaProjects\health-care-api\build\classes\java\main started by Xunhaoz in C:\Users\Xunhaoz\IdeaProjects\health-care-api)
2024-06-29 15:41:55,598 [DESKTOP-00GDGS0]  INFO 24780 [           main] c.w.h.HealthCareApiApplication           654 : No active profile set, falling back to 1 default profile: "default"
2024-06-29 15:41:56,824 [DESKTOP-00GDGS0]  INFO 24780 [           main] o.s.b.w.embedded.tomcat.TomcatWebServer  109 : Tomcat initialized with port 8080 (http)
2024-06-29 15:41:56,837 [DESKTOP-00GDGS0]  INFO 24780 [           main] o.a.coyote.http11.Http11NioProtocol      173 : The ["http-nio-8080"] connector has been configured to support HTTP upgrade to [h2c]
2024-06-29 15:41:56,838 [DESKTOP-00GDGS0]  INFO 24780 [           main] o.a.coyote.http11.Http11NioProtocol      173 : Initializing ProtocolHandler ["http-nio-8080"]
2024-06-29 15:41:56,840 [DESKTOP-00GDGS0]  INFO 24780 [           main] o.apache.catalina.core.StandardService   173 : Starting service [Tomcat]
2024-06-29 15:41:56,842 [DESKTOP-00GDGS0]  INFO 24780 [           main] o.apache.catalina.core.StandardEngine    173 : Starting Servlet engine: [Apache Tomcat/10.1.25]
2024-06-29 15:41:56,919 [DESKTOP-00GDGS0]  INFO 24780 [           main] o.a.c.c.C.[Tomcat].[localhost].[/]       173 : Initializing Spring embedded WebApplicationContext
2024-06-29 15:41:56,920 [DESKTOP-00GDGS0]  INFO 24780 [           main] w.s.c.ServletWebServerApplicationContext 296 : Root WebApplicationContext: initialization completed in 1260 ms
2024-06-29 15:41:57,768 [DESKTOP-00GDGS0]  INFO 24780 [           main] o.a.coyote.http11.Http11NioProtocol      173 : Starting ProtocolHandler ["http-nio-8080"]
2024-06-29 15:41:57,780 [DESKTOP-00GDGS0]  INFO 24780 [           main] o.s.b.w.embedded.tomcat.TomcatWebServer  241 : Tomcat started on port 8080 (http) with context path ''
2024-06-29 15:41:57,787 [DESKTOP-00GDGS0]  INFO 24780 [           main] c.w.h.HealthCareApiApplication           56 : Started HealthCareApiApplication in 2.972 seconds (process running for 3.618)
2024-06-29 15:41:58,832 [DESKTOP-00GDGS0]  INFO 24780 [omcat-handler-0] o.a.c.c.C.[Tomcat].[localhost].[/]       173 : Initializing Spring DispatcherServlet 'dispatcherServlet'
2024-06-29 15:41:58,832 [DESKTOP-00GDGS0]  INFO 24780 [omcat-handler-0] o.s.web.servlet.DispatcherServlet        532 : Initializing Servlet 'dispatcherServlet'
2024-06-29 15:41:58,833 [DESKTOP-00GDGS0]  INFO 24780 [omcat-handler-0] o.s.web.servlet.DispatcherServlet        554 : Completed initialization in 0 ms
2024-06-29 15:42:15,808 [DESKTOP-00GDGS0]  INFO 24780 [omcat-handler-3] com.zaxxer.hikari.HikariDataSource       110 : HikariPool-1 - Starting...
2024-06-29 15:42:16,010 [DESKTOP-00GDGS0]  INFO 24780 [omcat-handler-3] com.zaxxer.hikari.pool.HikariPool        565 : HikariPool-1 - Added connection com.mysql.cj.jdbc.ConnectionImpl@7d6ffa01
2024-06-29 15:42:16,014 [DESKTOP-00GDGS0]  INFO 24780 [omcat-handler-3] com.zaxxer.hikari.HikariDataSource       123 : HikariPool-1 - Start completed.
2024-06-29 15:46:19,146 [DESKTOP-00GDGS0]  INFO 24780 [ionShutdownHook] com.zaxxer.hikari.HikariDataSource       350 : HikariPool-1 - Shutdown initiated...
2024-06-29 15:46:19,153 [DESKTOP-00GDGS0]  INFO 24780 [ionShutdownHook] com.zaxxer.hikari.HikariDataSource       352 : HikariPool-1 - Shutdown completed.
