2024-06-29 15:05:41,048 [DESKTOP-00GDGS0]  INFO 25912 [           main] c.w.h.HealthCareApiApplication           50 : Starting HealthCareApiApplication using Java 21 with PID 25912 (C:\Users\Xunhaoz\IdeaProjects\health-care-api\build\classes\java\main started by Xunhaoz in C:\Users\Xunhaoz\IdeaProjects\health-care-api)
2024-06-29 15:05:41,050 [DESKTOP-00GDGS0]  INFO 25912 [           main] c.w.h.HealthCareApiApplication           654 : No active profile set, falling back to 1 default profile: "default"
2024-06-29 15:05:42,263 [DESKTOP-00GDGS0]  INFO 25912 [           main] o.s.b.w.embedded.tomcat.TomcatWebServer  109 : Tomcat initialized with port 8080 (http)
2024-06-29 15:05:42,279 [DESKTOP-00GDGS0]  INFO 25912 [           main] o.a.coyote.http11.Http11NioProtocol      173 : The ["http-nio-8080"] connector has been configured to support HTTP upgrade to [h2c]
2024-06-29 15:05:42,280 [DESKTOP-00GDGS0]  INFO 25912 [           main] o.a.coyote.http11.Http11NioProtocol      173 : Initializing ProtocolHandler ["http-nio-8080"]
2024-06-29 15:05:42,281 [DESKTOP-00GDGS0]  INFO 25912 [           main] o.apache.catalina.core.StandardService   173 : Starting service [Tomcat]
2024-06-29 15:05:42,281 [DESKTOP-00GDGS0]  INFO 25912 [           main] o.apache.catalina.core.StandardEngine    173 : Starting Servlet engine: [Apache Tomcat/10.1.25]
2024-06-29 15:05:42,360 [DESKTOP-00GDGS0]  INFO 25912 [           main] o.a.c.c.C.[Tomcat].[localhost].[/]       173 : Initializing Spring embedded WebApplicationContext
2024-06-29 15:05:42,360 [DESKTOP-00GDGS0]  INFO 25912 [           main] w.s.c.ServletWebServerApplicationContext 296 : Root WebApplicationContext: initialization completed in 1263 ms
2024-06-29 15:05:43,155 [DESKTOP-00GDGS0]  INFO 25912 [           main] o.a.coyote.http11.Http11NioProtocol      173 : Starting ProtocolHandler ["http-nio-8080"]
2024-06-29 15:05:43,168 [DESKTOP-00GDGS0]  INFO 25912 [           main] o.s.b.w.embedded.tomcat.TomcatWebServer  241 : Tomcat started on port 8080 (http) with context path ''
2024-06-29 15:05:43,176 [DESKTOP-00GDGS0]  INFO 25912 [           main] c.w.h.HealthCareApiApplication           56 : Started HealthCareApiApplication in 2.907 seconds (process running for 3.606)
2024-06-29 15:05:43,670 [DESKTOP-00GDGS0]  INFO 25912 [omcat-handler-0] o.a.c.c.C.[Tomcat].[localhost].[/]       173 : Initializing Spring DispatcherServlet 'dispatcherServlet'
2024-06-29 15:05:43,671 [DESKTOP-00GDGS0]  INFO 25912 [omcat-handler-0] o.s.web.servlet.DispatcherServlet        532 : Initializing Servlet 'dispatcherServlet'
2024-06-29 15:05:43,672 [DESKTOP-00GDGS0]  INFO 25912 [omcat-handler-0] o.s.web.servlet.DispatcherServlet        554 : Completed initialization in 1 ms
2024-06-29 15:05:43,733 [DESKTOP-00GDGS0]  INFO 25912 [omcat-handler-0] com.zaxxer.hikari.HikariDataSource       110 : HikariPool-1 - Starting...
2024-06-29 15:05:43,909 [DESKTOP-00GDGS0]  INFO 25912 [omcat-handler-0] com.zaxxer.hikari.pool.HikariPool        565 : HikariPool-1 - Added connection com.mysql.cj.jdbc.ConnectionImpl@7b21dc24
2024-06-29 15:05:43,912 [DESKTOP-00GDGS0]  INFO 25912 [omcat-handler-0] com.zaxxer.hikari.HikariDataSource       123 : HikariPool-1 - Start completed.
2024-06-29 15:07:03,777 [DESKTOP-00GDGS0]  INFO 25912 [ionShutdownHook] com.zaxxer.hikari.HikariDataSource       350 : HikariPool-1 - Shutdown initiated...
2024-06-29 15:07:03,784 [DESKTOP-00GDGS0]  INFO 25912 [ionShutdownHook] com.zaxxer.hikari.HikariDataSource       352 : HikariPool-1 - Shutdown completed.
