2024-06-29 15:08:12,710 [DESKTOP-00GDGS0]  INFO 18000 [           main] c.w.h.HealthCareApiApplication           50 : Starting HealthCareApiApplication using Java 21 with PID 18000 (C:\Users\Xunhaoz\IdeaProjects\health-care-api\build\classes\java\main started by Xunhaoz in C:\Users\Xunhaoz\IdeaProjects\health-care-api)
2024-06-29 15:08:12,713 [DESKTOP-00GDGS0]  INFO 18000 [           main] c.w.h.HealthCareApiApplication           654 : No active profile set, falling back to 1 default profile: "default"
2024-06-29 15:08:13,962 [DESKTOP-00GDGS0]  INFO 18000 [           main] o.s.b.w.embedded.tomcat.TomcatWebServer  109 : Tomcat initialized with port 8080 (http)
2024-06-29 15:08:13,976 [DESKTOP-00GDGS0]  INFO 18000 [           main] o.a.coyote.http11.Http11NioProtocol      173 : The ["http-nio-8080"] connector has been configured to support HTTP upgrade to [h2c]
2024-06-29 15:08:13,977 [DESKTOP-00GDGS0]  INFO 18000 [           main] o.a.coyote.http11.Http11NioProtocol      173 : Initializing ProtocolHandler ["http-nio-8080"]
2024-06-29 15:08:13,980 [DESKTOP-00GDGS0]  INFO 18000 [           main] o.apache.catalina.core.StandardService   173 : Starting service [Tomcat]
2024-06-29 15:08:13,980 [DESKTOP-00GDGS0]  INFO 18000 [           main] o.apache.catalina.core.StandardEngine    173 : Starting Servlet engine: [Apache Tomcat/10.1.25]
2024-06-29 15:08:14,059 [DESKTOP-00GDGS0]  INFO 18000 [           main] o.a.c.c.C.[Tomcat].[localhost].[/]       173 : Initializing Spring embedded WebApplicationContext
2024-06-29 15:08:14,060 [DESKTOP-00GDGS0]  INFO 18000 [           main] w.s.c.ServletWebServerApplicationContext 296 : Root WebApplicationContext: initialization completed in 1285 ms
2024-06-29 15:08:14,888 [DESKTOP-00GDGS0]  INFO 18000 [           main] o.a.coyote.http11.Http11NioProtocol      173 : Starting ProtocolHandler ["http-nio-8080"]
2024-06-29 15:08:14,902 [DESKTOP-00GDGS0]  INFO 18000 [           main] o.s.b.w.embedded.tomcat.TomcatWebServer  241 : Tomcat started on port 8080 (http) with context path ''
2024-06-29 15:08:14,911 [DESKTOP-00GDGS0]  INFO 18000 [           main] c.w.h.HealthCareApiApplication           56 : Started HealthCareApiApplication in 2.947 seconds (process running for 3.598)
2024-06-29 15:08:15,587 [DESKTOP-00GDGS0]  INFO 18000 [omcat-handler-0] o.a.c.c.C.[Tomcat].[localhost].[/]       173 : Initializing Spring DispatcherServlet 'dispatcherServlet'
2024-06-29 15:08:15,588 [DESKTOP-00GDGS0]  INFO 18000 [omcat-handler-0] o.s.web.servlet.DispatcherServlet        532 : Initializing Servlet 'dispatcherServlet'
2024-06-29 15:08:15,590 [DESKTOP-00GDGS0]  INFO 18000 [omcat-handler-0] o.s.web.servlet.DispatcherServlet        554 : Completed initialization in 1 ms
2024-06-29 15:08:15,684 [DESKTOP-00GDGS0]  INFO 18000 [omcat-handler-0] com.zaxxer.hikari.HikariDataSource       110 : HikariPool-1 - Starting...
2024-06-29 15:08:15,893 [DESKTOP-00GDGS0]  INFO 18000 [omcat-handler-0] com.zaxxer.hikari.pool.HikariPool        565 : HikariPool-1 - Added connection com.mysql.cj.jdbc.ConnectionImpl@2d52c5f2
2024-06-29 15:08:15,896 [DESKTOP-00GDGS0]  INFO 18000 [omcat-handler-0] com.zaxxer.hikari.HikariDataSource       123 : HikariPool-1 - Start completed.
2024-06-29 15:10:23,150 [DESKTOP-00GDGS0]  INFO 18000 [ionShutdownHook] com.zaxxer.hikari.HikariDataSource       350 : HikariPool-1 - Shutdown initiated...
2024-06-29 15:10:23,159 [DESKTOP-00GDGS0]  INFO 18000 [ionShutdownHook] com.zaxxer.hikari.HikariDataSource       352 : HikariPool-1 - Shutdown completed.
