2024-06-29 15:10:25,822 [DESKTOP-00GDGS0]  INFO 23252 [           main] c.w.h.HealthCareApiApplication           50 : Starting HealthCareApiApplication using Java 21 with PID 23252 (C:\Users\Xunhaoz\IdeaProjects\health-care-api\build\classes\java\main started by Xunhaoz in C:\Users\Xunhaoz\IdeaProjects\health-care-api)
2024-06-29 15:10:25,825 [DESKTOP-00GDGS0]  INFO 23252 [           main] c.w.h.HealthCareApiApplication           654 : No active profile set, falling back to 1 default profile: "default"
2024-06-29 15:10:26,865 [DESKTOP-00GDGS0]  INFO 23252 [           main] o.s.b.w.embedded.tomcat.TomcatWebServer  109 : Tomcat initialized with port 8080 (http)
2024-06-29 15:10:26,878 [DESKTOP-00GDGS0]  INFO 23252 [           main] o.a.coyote.http11.Http11NioProtocol      173 : The ["http-nio-8080"] connector has been configured to support HTTP upgrade to [h2c]
2024-06-29 15:10:26,878 [DESKTOP-00GDGS0]  INFO 23252 [           main] o.a.coyote.http11.Http11NioProtocol      173 : Initializing ProtocolHandler ["http-nio-8080"]
2024-06-29 15:10:26,880 [DESKTOP-00GDGS0]  INFO 23252 [           main] o.apache.catalina.core.StandardService   173 : Starting service [Tomcat]
2024-06-29 15:10:26,880 [DESKTOP-00GDGS0]  INFO 23252 [           main] o.apache.catalina.core.StandardEngine    173 : Starting Servlet engine: [Apache Tomcat/10.1.25]
2024-06-29 15:10:26,941 [DESKTOP-00GDGS0]  INFO 23252 [           main] o.a.c.c.C.[Tomcat].[localhost].[/]       173 : Initializing Spring embedded WebApplicationContext
2024-06-29 15:10:26,941 [DESKTOP-00GDGS0]  INFO 23252 [           main] w.s.c.ServletWebServerApplicationContext 296 : Root WebApplicationContext: initialization completed in 1066 ms
2024-06-29 15:10:27,595 [DESKTOP-00GDGS0]  INFO 23252 [           main] o.a.coyote.http11.Http11NioProtocol      173 : Starting ProtocolHandler ["http-nio-8080"]
2024-06-29 15:10:27,607 [DESKTOP-00GDGS0]  INFO 23252 [           main] o.s.b.w.embedded.tomcat.TomcatWebServer  241 : Tomcat started on port 8080 (http) with context path ''
2024-06-29 15:10:27,614 [DESKTOP-00GDGS0]  INFO 23252 [           main] c.w.h.HealthCareApiApplication           56 : Started HealthCareApiApplication in 2.477 seconds (process running for 3.072)
2024-06-29 15:10:30,403 [DESKTOP-00GDGS0]  INFO 23252 [omcat-handler-1] o.a.c.c.C.[Tomcat].[localhost].[/]       173 : Initializing Spring DispatcherServlet 'dispatcherServlet'
2024-06-29 15:10:30,403 [DESKTOP-00GDGS0]  INFO 23252 [omcat-handler-1] o.s.web.servlet.DispatcherServlet        532 : Initializing Servlet 'dispatcherServlet'
2024-06-29 15:10:30,404 [DESKTOP-00GDGS0]  INFO 23252 [omcat-handler-1] o.s.web.servlet.DispatcherServlet        554 : Completed initialization in 1 ms
2024-06-29 15:10:30,459 [DESKTOP-00GDGS0]  INFO 23252 [omcat-handler-1] com.zaxxer.hikari.HikariDataSource       110 : HikariPool-1 - Starting...
2024-06-29 15:10:30,611 [DESKTOP-00GDGS0]  INFO 23252 [omcat-handler-1] com.zaxxer.hikari.pool.HikariPool        565 : HikariPool-1 - Added connection com.mysql.cj.jdbc.ConnectionImpl@4524a905
2024-06-29 15:10:30,615 [DESKTOP-00GDGS0]  INFO 23252 [omcat-handler-1] com.zaxxer.hikari.HikariDataSource       123 : HikariPool-1 - Start completed.
2024-06-29 15:13:18,457 [DESKTOP-00GDGS0]  INFO 23252 [ionShutdownHook] com.zaxxer.hikari.HikariDataSource       350 : HikariPool-1 - Shutdown initiated...
2024-06-29 15:13:18,464 [DESKTOP-00GDGS0]  INFO 23252 [ionShutdownHook] com.zaxxer.hikari.HikariDataSource       352 : HikariPool-1 - Shutdown completed.
