2024-06-29 15:13:21,285 [DESKTOP-00GDGS0]  INFO 25808 [           main] c.w.h.HealthCareApiApplication           50 : Starting HealthCareApiApplication using Java 21 with PID 25808 (C:\Users\Xunhaoz\IdeaProjects\health-care-api\build\classes\java\main started by Xunhaoz in C:\Users\Xunhaoz\IdeaProjects\health-care-api)
2024-06-29 15:13:21,288 [DESKTOP-00GDGS0]  INFO 25808 [           main] c.w.h.HealthCareApiApplication           654 : No active profile set, falling back to 1 default profile: "default"
2024-06-29 15:13:22,370 [DESKTOP-00GDGS0]  INFO 25808 [           main] o.s.b.w.embedded.tomcat.TomcatWebServer  109 : Tomcat initialized with port 8080 (http)
2024-06-29 15:13:22,381 [DESKTOP-00GDGS0]  INFO 25808 [           main] o.a.coyote.http11.Http11NioProtocol      173 : The ["http-nio-8080"] connector has been configured to support HTTP upgrade to [h2c]
2024-06-29 15:13:22,381 [DESKTOP-00GDGS0]  INFO 25808 [           main] o.a.coyote.http11.Http11NioProtocol      173 : Initializing ProtocolHandler ["http-nio-8080"]
2024-06-29 15:13:22,383 [DESKTOP-00GDGS0]  INFO 25808 [           main] o.apache.catalina.core.StandardService   173 : Starting service [Tomcat]
2024-06-29 15:13:22,384 [DESKTOP-00GDGS0]  INFO 25808 [           main] o.apache.catalina.core.StandardEngine    173 : Starting Servlet engine: [Apache Tomcat/10.1.25]
2024-06-29 15:13:22,444 [DESKTOP-00GDGS0]  INFO 25808 [           main] o.a.c.c.C.[Tomcat].[localhost].[/]       173 : Initializing Spring embedded WebApplicationContext
2024-06-29 15:13:22,444 [DESKTOP-00GDGS0]  INFO 25808 [           main] w.s.c.ServletWebServerApplicationContext 296 : Root WebApplicationContext: initialization completed in 1098 ms
2024-06-29 15:13:23,135 [DESKTOP-00GDGS0]  INFO 25808 [           main] o.a.coyote.http11.Http11NioProtocol      173 : Starting ProtocolHandler ["http-nio-8080"]
2024-06-29 15:13:23,148 [DESKTOP-00GDGS0]  INFO 25808 [           main] o.s.b.w.embedded.tomcat.TomcatWebServer  241 : Tomcat started on port 8080 (http) with context path ''
2024-06-29 15:13:23,155 [DESKTOP-00GDGS0]  INFO 25808 [           main] c.w.h.HealthCareApiApplication           56 : Started HealthCareApiApplication in 2.631 seconds (process running for 3.311)
2024-06-29 15:13:24,029 [DESKTOP-00GDGS0]  INFO 25808 [omcat-handler-1] o.a.c.c.C.[Tomcat].[localhost].[/]       173 : Initializing Spring DispatcherServlet 'dispatcherServlet'
2024-06-29 15:13:24,029 [DESKTOP-00GDGS0]  INFO 25808 [omcat-handler-1] o.s.web.servlet.DispatcherServlet        532 : Initializing Servlet 'dispatcherServlet'
2024-06-29 15:13:24,030 [DESKTOP-00GDGS0]  INFO 25808 [omcat-handler-1] o.s.web.servlet.DispatcherServlet        554 : Completed initialization in 1 ms
2024-06-29 15:13:24,090 [DESKTOP-00GDGS0]  INFO 25808 [omcat-handler-1] com.zaxxer.hikari.HikariDataSource       110 : HikariPool-1 - Starting...
2024-06-29 15:13:24,248 [DESKTOP-00GDGS0]  INFO 25808 [omcat-handler-1] com.zaxxer.hikari.pool.HikariPool        565 : HikariPool-1 - Added connection com.mysql.cj.jdbc.ConnectionImpl@4c03fe66
2024-06-29 15:13:24,252 [DESKTOP-00GDGS0]  INFO 25808 [omcat-handler-1] com.zaxxer.hikari.HikariDataSource       123 : HikariPool-1 - Start completed.
2024-06-29 15:27:26,476 [DESKTOP-00GDGS0]  INFO 25808 [ionShutdownHook] com.zaxxer.hikari.HikariDataSource       350 : HikariPool-1 - Shutdown initiated...
2024-06-29 15:27:26,483 [DESKTOP-00GDGS0]  INFO 25808 [ionShutdownHook] com.zaxxer.hikari.HikariDataSource       352 : HikariPool-1 - Shutdown completed.
