2024-06-29 15:33:04,908 [DESKTOP-00GDGS0] DEBUG 8752 [           main] c.w.h.HealthCareApiApplication           51 : Running with Spring Boot v3.2.7, Spring v6.1.10
2024-06-29 15:33:06,193 [DESKTOP-00GDGS0] DEBUG 8752 [           main] com.zaxxer.hikari.HikariConfig           968 : Driver class com.mysql.cj.jdbc.Driver found in Thread context class loader jdk.internal.loader.ClassLoaders$AppClassLoader@36baf30c
2024-06-29 15:33:13,628 [DESKTOP-00GDGS0] DEBUG 8752 [omcat-handler-1] com.zaxxer.hikari.HikariConfig           1100 : HikariPool-1 - configuration:
2024-06-29 15:33:13,631 [DESKTOP-00GDGS0] DEBUG 8752 [omcat-handler-1] com.zaxxer.hikari.HikariConfig           1132 : allowPoolSuspension.............false
2024-06-29 15:33:13,631 [DESKTOP-00GDGS0] DEBUG 8752 [omcat-handler-1] com.zaxxer.hikari.HikariConfig           1132 : autoCommit......................true
2024-06-29 15:33:13,631 [DESKTOP-00GDGS0] DEBUG 8752 [omcat-handler-1] com.zaxxer.hikari.HikariConfig           1132 : catalog.........................none
2024-06-29 15:33:13,632 [DESKTOP-00GDGS0] DEBUG 8752 [omcat-handler-1] com.zaxxer.hikari.HikariConfig           1132 : connectionInitSql...............none
2024-06-29 15:33:13,632 [DESKTOP-00GDGS0] DEBUG 8752 [omcat-handler-1] com.zaxxer.hikari.HikariConfig           1132 : connectionTestQuery.............none
2024-06-29 15:33:13,633 [DESKTOP-00GDGS0] DEBUG 8752 [omcat-handler-1] com.zaxxer.hikari.HikariConfig           1132 : connectionTimeout...............30000
2024-06-29 15:33:13,633 [DESKTOP-00GDGS0] DEBUG 8752 [omcat-handler-1] com.zaxxer.hikari.HikariConfig           1132 : dataSource......................none
2024-06-29 15:33:13,633 [DESKTOP-00GDGS0] DEBUG 8752 [omcat-handler-1] com.zaxxer.hikari.HikariConfig           1132 : dataSourceClassName.............none
2024-06-29 15:33:13,634 [DESKTOP-00GDGS0] DEBUG 8752 [omcat-handler-1] com.zaxxer.hikari.HikariConfig           1132 : dataSourceJNDI..................none
2024-06-29 15:33:13,634 [DESKTOP-00GDGS0] DEBUG 8752 [omcat-handler-1] com.zaxxer.hikari.HikariConfig           1132 : dataSourceProperties............{password=<masked>}
2024-06-29 15:33:13,634 [DESKTOP-00GDGS0] DEBUG 8752 [omcat-handler-1] com.zaxxer.hikari.HikariConfig           1132 : driverClassName................."com.mysql.cj.jdbc.Driver"
2024-06-29 15:33:13,634 [DESKTOP-00GDGS0] DEBUG 8752 [omcat-handler-1] com.zaxxer.hikari.HikariConfig           1132 : exceptionOverrideClassName......none
2024-06-29 15:33:13,635 [DESKTOP-00GDGS0] DEBUG 8752 [omcat-handler-1] com.zaxxer.hikari.HikariConfig           1132 : healthCheckProperties...........{}
2024-06-29 15:33:13,635 [DESKTOP-00GDGS0] DEBUG 8752 [omcat-handler-1] com.zaxxer.hikari.HikariConfig           1132 : healthCheckRegistry.............none
2024-06-29 15:33:13,635 [DESKTOP-00GDGS0] DEBUG 8752 [omcat-handler-1] com.zaxxer.hikari.HikariConfig           1132 : idleTimeout.....................600000
2024-06-29 15:33:13,635 [DESKTOP-00GDGS0] DEBUG 8752 [omcat-handler-1] com.zaxxer.hikari.HikariConfig           1132 : initializationFailTimeout.......1
2024-06-29 15:33:13,636 [DESKTOP-00GDGS0] DEBUG 8752 [omcat-handler-1] com.zaxxer.hikari.HikariConfig           1132 : isolateInternalQueries..........false
2024-06-29 15:33:13,636 [DESKTOP-00GDGS0] DEBUG 8752 [omcat-handler-1] com.zaxxer.hikari.HikariConfig           1132 : jdbcUrl.........................jdbc:mysql://localhost:3306/health-care-data
2024-06-29 15:33:13,636 [DESKTOP-00GDGS0] DEBUG 8752 [omcat-handler-1] com.zaxxer.hikari.HikariConfig           1132 : keepaliveTime...................0
2024-06-29 15:33:13,638 [DESKTOP-00GDGS0] DEBUG 8752 [omcat-handler-1] com.zaxxer.hikari.HikariConfig           1132 : leakDetectionThreshold..........0
2024-06-29 15:33:13,638 [DESKTOP-00GDGS0] DEBUG 8752 [omcat-handler-1] com.zaxxer.hikari.HikariConfig           1132 : maxLifetime.....................1800000
2024-06-29 15:33:13,639 [DESKTOP-00GDGS0] DEBUG 8752 [omcat-handler-1] com.zaxxer.hikari.HikariConfig           1132 : maximumPoolSize.................3
2024-06-29 15:33:13,639 [DESKTOP-00GDGS0] DEBUG 8752 [omcat-handler-1] com.zaxxer.hikari.HikariConfig           1132 : metricRegistry..................none
2024-06-29 15:33:13,639 [DESKTOP-00GDGS0] DEBUG 8752 [omcat-handler-1] com.zaxxer.hikari.HikariConfig           1132 : metricsTrackerFactory...........none
2024-06-29 15:33:13,640 [DESKTOP-00GDGS0] DEBUG 8752 [omcat-handler-1] com.zaxxer.hikari.HikariConfig           1132 : minimumIdle.....................3
2024-06-29 15:33:13,640 [DESKTOP-00GDGS0] DEBUG 8752 [omcat-handler-1] com.zaxxer.hikari.HikariConfig           1132 : password........................<masked>
2024-06-29 15:33:13,640 [DESKTOP-00GDGS0] DEBUG 8752 [omcat-handler-1] com.zaxxer.hikari.HikariConfig           1132 : poolName........................"HikariPool-1"
2024-06-29 15:33:13,640 [DESKTOP-00GDGS0] DEBUG 8752 [omcat-handler-1] com.zaxxer.hikari.HikariConfig           1132 : readOnly........................false
2024-06-29 15:33:13,641 [DESKTOP-00GDGS0] DEBUG 8752 [omcat-handler-1] com.zaxxer.hikari.HikariConfig           1132 : registerMbeans..................false
2024-06-29 15:33:13,641 [DESKTOP-00GDGS0] DEBUG 8752 [omcat-handler-1] com.zaxxer.hikari.HikariConfig           1132 : scheduledExecutor...............none
2024-06-29 15:33:13,641 [DESKTOP-00GDGS0] DEBUG 8752 [omcat-handler-1] com.zaxxer.hikari.HikariConfig           1132 : schema..........................none
2024-06-29 15:33:13,641 [DESKTOP-00GDGS0] DEBUG 8752 [omcat-handler-1] com.zaxxer.hikari.HikariConfig           1132 : threadFactory...................internal
2024-06-29 15:33:13,641 [DESKTOP-00GDGS0] DEBUG 8752 [omcat-handler-1] com.zaxxer.hikari.HikariConfig           1132 : transactionIsolation............default
2024-06-29 15:33:13,642 [DESKTOP-00GDGS0] DEBUG 8752 [omcat-handler-1] com.zaxxer.hikari.HikariConfig           1132 : username........................"walnutek"
2024-06-29 15:33:13,642 [DESKTOP-00GDGS0] DEBUG 8752 [omcat-handler-1] com.zaxxer.hikari.HikariConfig           1132 : validationTimeout...............5000
2024-06-29 15:33:13,839 [DESKTOP-00GDGS0] DEBUG 8752 [omcat-handler-1] c.w.h.model.dao.PostDao.selectById       135 : ==>  Preparing: SELECT id,title,content,createTime FROM `post` WHERE id=?
2024-06-29 15:33:13,865 [DESKTOP-00GDGS0] DEBUG 8752 [omcat-handler-1] c.w.h.model.dao.PostDao.selectById       135 : ==> Parameters: 1(Integer)
2024-06-29 15:33:13,893 [DESKTOP-00GDGS0] DEBUG 8752 [omcat-handler-1] c.w.h.model.dao.PostDao.selectById       135 : <==      Total: 1
2024-06-29 15:33:13,918 [DESKTOP-00GDGS0] DEBUG 8752 [l-1 housekeeper] com.zaxxer.hikari.pool.HikariPool        414 : HikariPool-1 - Pool stats (total=1, active=1, idle=0, waiting=0)
2024-06-29 15:33:13,922 [DESKTOP-00GDGS0] DEBUG 8752 [onnection adder] com.zaxxer.hikari.pool.HikariPool        738 : HikariPool-1 - Added connection com.mysql.cj.jdbc.ConnectionImpl@5acb343e
2024-06-29 15:33:13,936 [DESKTOP-00GDGS0] DEBUG 8752 [onnection adder] com.zaxxer.hikari.pool.HikariPool        738 : HikariPool-1 - Added connection com.mysql.cj.jdbc.ConnectionImpl@1bf63e05
2024-06-29 15:33:13,950 [DESKTOP-00GDGS0] DEBUG 8752 [onnection adder] com.zaxxer.hikari.pool.HikariPool        414 : HikariPool-1 - After adding stats (total=3, active=1, idle=2, waiting=0)
2024-06-29 15:33:13,957 [DESKTOP-00GDGS0] DEBUG 8752 [omcat-handler-1] c.w.h.model.dao.PostDao.updateById       135 : ==>  Preparing: UPDATE `post` SET title=?, content=?, createTime=?, updateTime=? WHERE id=?
2024-06-29 15:33:13,960 [DESKTOP-00GDGS0] DEBUG 8752 [omcat-handler-1] c.w.h.model.dao.PostDao.updateById       135 : ==> Parameters: title1(String), content1(String), 2024-06-29T15:02:05(LocalDateTime), null, 1(Integer)
2024-06-29 15:33:13,964 [DESKTOP-00GDGS0] DEBUG 8752 [omcat-handler-1] c.w.h.model.dao.PostDao.updateById       135 : <==    Updates: 1
2024-06-29 15:33:43,931 [DESKTOP-00GDGS0] DEBUG 8752 [l-1 housekeeper] com.zaxxer.hikari.pool.HikariPool        414 : HikariPool-1 - Pool stats (total=3, active=0, idle=3, waiting=0)
2024-06-29 15:33:43,931 [DESKTOP-00GDGS0] DEBUG 8752 [l-1 housekeeper] com.zaxxer.hikari.pool.HikariPool        521 : HikariPool-1 - Fill pool skipped, pool has sufficient level or currently being filled (queueDepth=0).
2024-06-29 15:34:13,936 [DESKTOP-00GDGS0] DEBUG 8752 [l-1 housekeeper] com.zaxxer.hikari.pool.HikariPool        414 : HikariPool-1 - Pool stats (total=3, active=0, idle=3, waiting=0)
2024-06-29 15:34:13,936 [DESKTOP-00GDGS0] DEBUG 8752 [l-1 housekeeper] com.zaxxer.hikari.pool.HikariPool        521 : HikariPool-1 - Fill pool skipped, pool has sufficient level or currently being filled (queueDepth=0).
2024-06-29 15:34:43,944 [DESKTOP-00GDGS0] DEBUG 8752 [l-1 housekeeper] com.zaxxer.hikari.pool.HikariPool        414 : HikariPool-1 - Pool stats (total=3, active=0, idle=3, waiting=0)
2024-06-29 15:34:43,944 [DESKTOP-00GDGS0] DEBUG 8752 [l-1 housekeeper] com.zaxxer.hikari.pool.HikariPool        521 : HikariPool-1 - Fill pool skipped, pool has sufficient level or currently being filled (queueDepth=0).
2024-06-29 15:35:13,960 [DESKTOP-00GDGS0] DEBUG 8752 [l-1 housekeeper] com.zaxxer.hikari.pool.HikariPool        414 : HikariPool-1 - Pool stats (total=3, active=0, idle=3, waiting=0)
2024-06-29 15:35:13,960 [DESKTOP-00GDGS0] DEBUG 8752 [l-1 housekeeper] com.zaxxer.hikari.pool.HikariPool        521 : HikariPool-1 - Fill pool skipped, pool has sufficient level or currently being filled (queueDepth=0).
2024-06-29 15:35:43,967 [DESKTOP-00GDGS0] DEBUG 8752 [l-1 housekeeper] com.zaxxer.hikari.pool.HikariPool        414 : HikariPool-1 - Pool stats (total=3, active=0, idle=3, waiting=0)
2024-06-29 15:35:43,967 [DESKTOP-00GDGS0] DEBUG 8752 [l-1 housekeeper] com.zaxxer.hikari.pool.HikariPool        521 : HikariPool-1 - Fill pool skipped, pool has sufficient level or currently being filled (queueDepth=0).
2024-06-29 15:36:13,977 [DESKTOP-00GDGS0] DEBUG 8752 [l-1 housekeeper] com.zaxxer.hikari.pool.HikariPool        414 : HikariPool-1 - Pool stats (total=3, active=0, idle=3, waiting=0)
2024-06-29 15:36:13,977 [DESKTOP-00GDGS0] DEBUG 8752 [l-1 housekeeper] com.zaxxer.hikari.pool.HikariPool        521 : HikariPool-1 - Fill pool skipped, pool has sufficient level or currently being filled (queueDepth=0).
2024-06-29 15:36:25,573 [DESKTOP-00GDGS0] DEBUG 8752 [omcat-handler-4] c.w.h.model.dao.PostDao.deleteById       135 : ==>  Preparing: DELETE FROM `post` WHERE id=?
2024-06-29 15:36:25,574 [DESKTOP-00GDGS0] DEBUG 8752 [omcat-handler-4] c.w.h.model.dao.PostDao.deleteById       135 : ==> Parameters: 1(Integer)
2024-06-29 15:36:25,575 [DESKTOP-00GDGS0] DEBUG 8752 [omcat-handler-4] c.w.h.model.dao.PostDao.deleteById       135 : <==    Updates: 1
2024-06-29 15:36:43,991 [DESKTOP-00GDGS0] DEBUG 8752 [l-1 housekeeper] com.zaxxer.hikari.pool.HikariPool        414 : HikariPool-1 - Pool stats (total=3, active=0, idle=3, waiting=0)
2024-06-29 15:36:43,991 [DESKTOP-00GDGS0] DEBUG 8752 [l-1 housekeeper] com.zaxxer.hikari.pool.HikariPool        521 : HikariPool-1 - Fill pool skipped, pool has sufficient level or currently being filled (queueDepth=0).
2024-06-29 15:37:13,992 [DESKTOP-00GDGS0] DEBUG 8752 [l-1 housekeeper] com.zaxxer.hikari.pool.HikariPool        414 : HikariPool-1 - Pool stats (total=3, active=0, idle=3, waiting=0)
2024-06-29 15:37:13,992 [DESKTOP-00GDGS0] DEBUG 8752 [l-1 housekeeper] com.zaxxer.hikari.pool.HikariPool        521 : HikariPool-1 - Fill pool skipped, pool has sufficient level or currently being filled (queueDepth=0).
2024-06-29 15:37:43,999 [DESKTOP-00GDGS0] DEBUG 8752 [l-1 housekeeper] com.zaxxer.hikari.pool.HikariPool        414 : HikariPool-1 - Pool stats (total=3, active=0, idle=3, waiting=0)
2024-06-29 15:37:43,999 [DESKTOP-00GDGS0] DEBUG 8752 [l-1 housekeeper] com.zaxxer.hikari.pool.HikariPool        521 : HikariPool-1 - Fill pool skipped, pool has sufficient level or currently being filled (queueDepth=0).
2024-06-29 15:38:14,011 [DESKTOP-00GDGS0] DEBUG 8752 [l-1 housekeeper] com.zaxxer.hikari.pool.HikariPool        414 : HikariPool-1 - Pool stats (total=3, active=0, idle=3, waiting=0)
2024-06-29 15:38:14,011 [DESKTOP-00GDGS0] DEBUG 8752 [l-1 housekeeper] com.zaxxer.hikari.pool.HikariPool        521 : HikariPool-1 - Fill pool skipped, pool has sufficient level or currently being filled (queueDepth=0).
2024-06-29 15:38:34,590 [DESKTOP-00GDGS0] DEBUG 8752 [ionShutdownHook] com.zaxxer.hikari.pool.HikariPool        414 : HikariPool-1 - Before shutdown stats (total=3, active=0, idle=3, waiting=0)
2024-06-29 15:38:34,591 [DESKTOP-00GDGS0] DEBUG 8752 [nnection closer] com.zaxxer.hikari.pool.PoolBase          132 : HikariPool-1 - Closing connection com.mysql.cj.jdbc.ConnectionImpl@22b34bfe: (connection evicted)
2024-06-29 15:38:34,596 [DESKTOP-00GDGS0] DEBUG 8752 [nnection closer] com.zaxxer.hikari.pool.PoolBase          132 : HikariPool-1 - Closing connection com.mysql.cj.jdbc.ConnectionImpl@5acb343e: (connection evicted)
2024-06-29 15:38:34,596 [DESKTOP-00GDGS0] DEBUG 8752 [nnection closer] com.zaxxer.hikari.pool.PoolBase          132 : HikariPool-1 - Closing connection com.mysql.cj.jdbc.ConnectionImpl@1bf63e05: (connection evicted)
2024-06-29 15:38:34,597 [DESKTOP-00GDGS0] DEBUG 8752 [ionShutdownHook] com.zaxxer.hikari.pool.HikariPool        414 : HikariPool-1 - After shutdown stats (total=0, active=0, idle=0, waiting=0)
