2024-06-29 15:27:29,566 [DESKTOP-00GDGS0] DEBUG 25412 [           main] c.w.h.HealthCareApiApplication           51 : Running with Spring Boot v3.2.7, Spring v6.1.10
2024-06-29 15:27:31,151 [DESKTOP-00GDGS0] DEBUG 25412 [           main] com.zaxxer.hikari.HikariConfig           968 : Driver class com.mysql.cj.jdbc.Driver found in Thread context class loader jdk.internal.loader.ClassLoaders$AppClassLoader@36baf30c
2024-06-29 15:27:46,585 [DESKTOP-00GDGS0] DEBUG 25736 [           main] c.w.h.HealthCareApiApplication           51 : Running with Spring Boot v3.2.7, Spring v6.1.10
2024-06-29 15:27:47,954 [DESKTOP-00GDGS0] DEBUG 25736 [           main] com.zaxxer.hikari.HikariConfig           968 : Driver class com.mysql.cj.jdbc.Driver found in Thread context class loader jdk.internal.loader.ClassLoaders$AppClassLoader@36baf30c
2024-06-29 15:29:18,494 [DESKTOP-00GDGS0] DEBUG 25736 [omcat-handler-1] com.zaxxer.hikari.HikariConfig           1100 : HikariPool-1 - configuration:
2024-06-29 15:29:18,498 [DESKTOP-00GDGS0] DEBUG 25736 [omcat-handler-1] com.zaxxer.hikari.HikariConfig           1132 : allowPoolSuspension.............false
2024-06-29 15:29:18,498 [DESKTOP-00GDGS0] DEBUG 25736 [omcat-handler-1] com.zaxxer.hikari.HikariConfig           1132 : autoCommit......................true
2024-06-29 15:29:18,499 [DESKTOP-00GDGS0] DEBUG 25736 [omcat-handler-1] com.zaxxer.hikari.HikariConfig           1132 : catalog.........................none
2024-06-29 15:29:18,499 [DESKTOP-00GDGS0] DEBUG 25736 [omcat-handler-1] com.zaxxer.hikari.HikariConfig           1132 : connectionInitSql...............none
2024-06-29 15:29:18,499 [DESKTOP-00GDGS0] DEBUG 25736 [omcat-handler-1] com.zaxxer.hikari.HikariConfig           1132 : connectionTestQuery.............none
2024-06-29 15:29:18,499 [DESKTOP-00GDGS0] DEBUG 25736 [omcat-handler-1] com.zaxxer.hikari.HikariConfig           1132 : connectionTimeout...............30000
2024-06-29 15:29:18,501 [DESKTOP-00GDGS0] DEBUG 25736 [omcat-handler-1] com.zaxxer.hikari.HikariConfig           1132 : dataSource......................none
2024-06-29 15:29:18,501 [DESKTOP-00GDGS0] DEBUG 25736 [omcat-handler-1] com.zaxxer.hikari.HikariConfig           1132 : dataSourceClassName.............none
2024-06-29 15:29:18,501 [DESKTOP-00GDGS0] DEBUG 25736 [omcat-handler-1] com.zaxxer.hikari.HikariConfig           1132 : dataSourceJNDI..................none
2024-06-29 15:29:18,501 [DESKTOP-00GDGS0] DEBUG 25736 [omcat-handler-1] com.zaxxer.hikari.HikariConfig           1132 : dataSourceProperties............{password=<masked>}
2024-06-29 15:29:18,502 [DESKTOP-00GDGS0] DEBUG 25736 [omcat-handler-1] com.zaxxer.hikari.HikariConfig           1132 : driverClassName................."com.mysql.cj.jdbc.Driver"
2024-06-29 15:29:18,502 [DESKTOP-00GDGS0] DEBUG 25736 [omcat-handler-1] com.zaxxer.hikari.HikariConfig           1132 : exceptionOverrideClassName......none
2024-06-29 15:29:18,502 [DESKTOP-00GDGS0] DEBUG 25736 [omcat-handler-1] com.zaxxer.hikari.HikariConfig           1132 : healthCheckProperties...........{}
2024-06-29 15:29:18,502 [DESKTOP-00GDGS0] DEBUG 25736 [omcat-handler-1] com.zaxxer.hikari.HikariConfig           1132 : healthCheckRegistry.............none
2024-06-29 15:29:18,502 [DESKTOP-00GDGS0] DEBUG 25736 [omcat-handler-1] com.zaxxer.hikari.HikariConfig           1132 : idleTimeout.....................600000
2024-06-29 15:29:18,503 [DESKTOP-00GDGS0] DEBUG 25736 [omcat-handler-1] com.zaxxer.hikari.HikariConfig           1132 : initializationFailTimeout.......1
2024-06-29 15:29:18,503 [DESKTOP-00GDGS0] DEBUG 25736 [omcat-handler-1] com.zaxxer.hikari.HikariConfig           1132 : isolateInternalQueries..........false
2024-06-29 15:29:18,504 [DESKTOP-00GDGS0] DEBUG 25736 [omcat-handler-1] com.zaxxer.hikari.HikariConfig           1132 : jdbcUrl.........................jdbc:mysql://localhost:3306/health-care-data
2024-06-29 15:29:18,504 [DESKTOP-00GDGS0] DEBUG 25736 [omcat-handler-1] com.zaxxer.hikari.HikariConfig           1132 : keepaliveTime...................0
2024-06-29 15:29:18,504 [DESKTOP-00GDGS0] DEBUG 25736 [omcat-handler-1] com.zaxxer.hikari.HikariConfig           1132 : leakDetectionThreshold..........0
2024-06-29 15:29:18,504 [DESKTOP-00GDGS0] DEBUG 25736 [omcat-handler-1] com.zaxxer.hikari.HikariConfig           1132 : maxLifetime.....................1800000
2024-06-29 15:29:18,505 [DESKTOP-00GDGS0] DEBUG 25736 [omcat-handler-1] com.zaxxer.hikari.HikariConfig           1132 : maximumPoolSize.................3
2024-06-29 15:29:18,505 [DESKTOP-00GDGS0] DEBUG 25736 [omcat-handler-1] com.zaxxer.hikari.HikariConfig           1132 : metricRegistry..................none
2024-06-29 15:29:18,505 [DESKTOP-00GDGS0] DEBUG 25736 [omcat-handler-1] com.zaxxer.hikari.HikariConfig           1132 : metricsTrackerFactory...........none
2024-06-29 15:29:18,505 [DESKTOP-00GDGS0] DEBUG 25736 [omcat-handler-1] com.zaxxer.hikari.HikariConfig           1132 : minimumIdle.....................3
2024-06-29 15:29:18,505 [DESKTOP-00GDGS0] DEBUG 25736 [omcat-handler-1] com.zaxxer.hikari.HikariConfig           1132 : password........................<masked>
2024-06-29 15:29:18,506 [DESKTOP-00GDGS0] DEBUG 25736 [omcat-handler-1] com.zaxxer.hikari.HikariConfig           1132 : poolName........................"HikariPool-1"
2024-06-29 15:29:18,506 [DESKTOP-00GDGS0] DEBUG 25736 [omcat-handler-1] com.zaxxer.hikari.HikariConfig           1132 : readOnly........................false
2024-06-29 15:29:18,506 [DESKTOP-00GDGS0] DEBUG 25736 [omcat-handler-1] com.zaxxer.hikari.HikariConfig           1132 : registerMbeans..................false
2024-06-29 15:29:18,506 [DESKTOP-00GDGS0] DEBUG 25736 [omcat-handler-1] com.zaxxer.hikari.HikariConfig           1132 : scheduledExecutor...............none
2024-06-29 15:29:18,507 [DESKTOP-00GDGS0] DEBUG 25736 [omcat-handler-1] com.zaxxer.hikari.HikariConfig           1132 : schema..........................none
2024-06-29 15:29:18,507 [DESKTOP-00GDGS0] DEBUG 25736 [omcat-handler-1] com.zaxxer.hikari.HikariConfig           1132 : threadFactory...................internal
2024-06-29 15:29:18,507 [DESKTOP-00GDGS0] DEBUG 25736 [omcat-handler-1] com.zaxxer.hikari.HikariConfig           1132 : transactionIsolation............default
2024-06-29 15:29:18,507 [DESKTOP-00GDGS0] DEBUG 25736 [omcat-handler-1] com.zaxxer.hikari.HikariConfig           1132 : username........................"walnutek"
2024-06-29 15:29:18,507 [DESKTOP-00GDGS0] DEBUG 25736 [omcat-handler-1] com.zaxxer.hikari.HikariConfig           1132 : validationTimeout...............5000
2024-06-29 15:29:18,706 [DESKTOP-00GDGS0] DEBUG 25736 [omcat-handler-1] c.w.h.model.dao.PostDao.selectById       135 : ==>  Preparing: SELECT id,title,content,createTime FROM `post` WHERE id=?
2024-06-29 15:29:18,732 [DESKTOP-00GDGS0] DEBUG 25736 [omcat-handler-1] c.w.h.model.dao.PostDao.selectById       135 : ==> Parameters: 1(Integer)
2024-06-29 15:29:18,771 [DESKTOP-00GDGS0] DEBUG 25736 [omcat-handler-1] c.w.h.model.dao.PostDao.selectById       135 : <==      Total: 1
2024-06-29 15:29:18,776 [DESKTOP-00GDGS0] DEBUG 25736 [l-1 housekeeper] com.zaxxer.hikari.pool.HikariPool        414 : HikariPool-1 - Pool stats (total=1, active=1, idle=0, waiting=0)
2024-06-29 15:29:18,780 [DESKTOP-00GDGS0] DEBUG 25736 [onnection adder] com.zaxxer.hikari.pool.HikariPool        738 : HikariPool-1 - Added connection com.mysql.cj.jdbc.ConnectionImpl@61d3ce6a
2024-06-29 15:29:18,794 [DESKTOP-00GDGS0] DEBUG 25736 [onnection adder] com.zaxxer.hikari.pool.HikariPool        738 : HikariPool-1 - Added connection com.mysql.cj.jdbc.ConnectionImpl@20eec451
2024-06-29 15:29:18,808 [DESKTOP-00GDGS0] DEBUG 25736 [onnection adder] com.zaxxer.hikari.pool.HikariPool        414 : HikariPool-1 - After adding stats (total=3, active=1, idle=2, waiting=0)
2024-06-29 15:29:18,837 [DESKTOP-00GDGS0] DEBUG 25736 [omcat-handler-1] c.w.h.model.dao.PostDao.updateById       135 : ==>  Preparing: UPDATE `post` SET title=?, content=?, createTime=?, updateTime=? WHERE id=?
2024-06-29 15:29:18,842 [DESKTOP-00GDGS0] DEBUG 25736 [omcat-handler-1] c.w.h.model.dao.PostDao.updateById       135 : ==> Parameters: title1(String), content1(String), 2024-06-29T15:29:18.486128300(LocalDateTime), null, null
2024-06-29 15:29:18,846 [DESKTOP-00GDGS0] DEBUG 25736 [omcat-handler-1] c.w.h.model.dao.PostDao.updateById       135 : <==    Updates: 0
2024-06-29 15:29:48,790 [DESKTOP-00GDGS0] DEBUG 25736 [l-1 housekeeper] com.zaxxer.hikari.pool.HikariPool        414 : HikariPool-1 - Pool stats (total=3, active=0, idle=3, waiting=0)
2024-06-29 15:29:48,790 [DESKTOP-00GDGS0] DEBUG 25736 [l-1 housekeeper] com.zaxxer.hikari.pool.HikariPool        521 : HikariPool-1 - Fill pool skipped, pool has sufficient level or currently being filled (queueDepth=0).
2024-06-29 15:30:18,801 [DESKTOP-00GDGS0] DEBUG 25736 [l-1 housekeeper] com.zaxxer.hikari.pool.HikariPool        414 : HikariPool-1 - Pool stats (total=3, active=0, idle=3, waiting=0)
2024-06-29 15:30:18,801 [DESKTOP-00GDGS0] DEBUG 25736 [l-1 housekeeper] com.zaxxer.hikari.pool.HikariPool        521 : HikariPool-1 - Fill pool skipped, pool has sufficient level or currently being filled (queueDepth=0).
2024-06-29 15:30:48,804 [DESKTOP-00GDGS0] DEBUG 25736 [l-1 housekeeper] com.zaxxer.hikari.pool.HikariPool        414 : HikariPool-1 - Pool stats (total=3, active=0, idle=3, waiting=0)
2024-06-29 15:30:48,804 [DESKTOP-00GDGS0] DEBUG 25736 [l-1 housekeeper] com.zaxxer.hikari.pool.HikariPool        521 : HikariPool-1 - Fill pool skipped, pool has sufficient level or currently being filled (queueDepth=0).
2024-06-29 15:31:18,807 [DESKTOP-00GDGS0] DEBUG 25736 [l-1 housekeeper] com.zaxxer.hikari.pool.HikariPool        414 : HikariPool-1 - Pool stats (total=3, active=0, idle=3, waiting=0)
2024-06-29 15:31:18,807 [DESKTOP-00GDGS0] DEBUG 25736 [l-1 housekeeper] com.zaxxer.hikari.pool.HikariPool        521 : HikariPool-1 - Fill pool skipped, pool has sufficient level or currently being filled (queueDepth=0).
2024-06-29 15:31:48,809 [DESKTOP-00GDGS0] DEBUG 25736 [l-1 housekeeper] com.zaxxer.hikari.pool.HikariPool        414 : HikariPool-1 - Pool stats (total=3, active=0, idle=3, waiting=0)
2024-06-29 15:31:48,809 [DESKTOP-00GDGS0] DEBUG 25736 [l-1 housekeeper] com.zaxxer.hikari.pool.HikariPool        521 : HikariPool-1 - Fill pool skipped, pool has sufficient level or currently being filled (queueDepth=0).
2024-06-29 15:32:18,819 [DESKTOP-00GDGS0] DEBUG 25736 [l-1 housekeeper] com.zaxxer.hikari.pool.HikariPool        414 : HikariPool-1 - Pool stats (total=3, active=0, idle=3, waiting=0)
2024-06-29 15:32:18,819 [DESKTOP-00GDGS0] DEBUG 25736 [l-1 housekeeper] com.zaxxer.hikari.pool.HikariPool        521 : HikariPool-1 - Fill pool skipped, pool has sufficient level or currently being filled (queueDepth=0).
2024-06-29 15:32:25,375 [DESKTOP-00GDGS0] DEBUG 25736 [ionShutdownHook] com.zaxxer.hikari.pool.HikariPool        414 : HikariPool-1 - Before shutdown stats (total=3, active=0, idle=3, waiting=0)
2024-06-29 15:32:25,376 [DESKTOP-00GDGS0] DEBUG 25736 [nnection closer] com.zaxxer.hikari.pool.PoolBase          132 : HikariPool-1 - Closing connection com.mysql.cj.jdbc.ConnectionImpl@7f668d90: (connection evicted)
2024-06-29 15:32:25,380 [DESKTOP-00GDGS0] DEBUG 25736 [nnection closer] com.zaxxer.hikari.pool.PoolBase          132 : HikariPool-1 - Closing connection com.mysql.cj.jdbc.ConnectionImpl@61d3ce6a: (connection evicted)
2024-06-29 15:32:25,381 [DESKTOP-00GDGS0] DEBUG 25736 [nnection closer] com.zaxxer.hikari.pool.PoolBase          132 : HikariPool-1 - Closing connection com.mysql.cj.jdbc.ConnectionImpl@20eec451: (connection evicted)
2024-06-29 15:32:25,381 [DESKTOP-00GDGS0] DEBUG 25736 [ionShutdownHook] com.zaxxer.hikari.pool.HikariPool        414 : HikariPool-1 - After shutdown stats (total=0, active=0, idle=0, waiting=0)
