2024-06-29 15:32:29,004 [DESKTOP-00GDGS0] DEBUG 9412 [           main] c.w.h.HealthCareApiApplication           51 : Running with Spring Boot v3.2.7, Spring v6.1.10
2024-06-29 15:32:30,172 [DESKTOP-00GDGS0] DEBUG 9412 [           main] com.zaxxer.hikari.HikariConfig           968 : Driver class com.mysql.cj.jdbc.Driver found in Thread context class loader jdk.internal.loader.ClassLoaders$AppClassLoader@36baf30c
2024-06-29 15:32:45,313 [DESKTOP-00GDGS0] DEBUG 9412 [omcat-handler-0] com.zaxxer.hikari.HikariConfig           1100 : HikariPool-1 - configuration:
2024-06-29 15:32:45,316 [DESKTOP-00GDGS0] DEBUG 9412 [omcat-handler-0] com.zaxxer.hikari.HikariConfig           1132 : allowPoolSuspension.............false
2024-06-29 15:32:45,317 [DESKTOP-00GDGS0] DEBUG 9412 [omcat-handler-0] com.zaxxer.hikari.HikariConfig           1132 : autoCommit......................true
2024-06-29 15:32:45,317 [DESKTOP-00GDGS0] DEBUG 9412 [omcat-handler-0] com.zaxxer.hikari.HikariConfig           1132 : catalog.........................none
2024-06-29 15:32:45,317 [DESKTOP-00GDGS0] DEBUG 9412 [omcat-handler-0] com.zaxxer.hikari.HikariConfig           1132 : connectionInitSql...............none
2024-06-29 15:32:45,317 [DESKTOP-00GDGS0] DEBUG 9412 [omcat-handler-0] com.zaxxer.hikari.HikariConfig           1132 : connectionTestQuery.............none
2024-06-29 15:32:45,318 [DESKTOP-00GDGS0] DEBUG 9412 [omcat-handler-0] com.zaxxer.hikari.HikariConfig           1132 : connectionTimeout...............30000
2024-06-29 15:32:45,318 [DESKTOP-00GDGS0] DEBUG 9412 [omcat-handler-0] com.zaxxer.hikari.HikariConfig           1132 : dataSource......................none
2024-06-29 15:32:45,318 [DESKTOP-00GDGS0] DEBUG 9412 [omcat-handler-0] com.zaxxer.hikari.HikariConfig           1132 : dataSourceClassName.............none
2024-06-29 15:32:45,319 [DESKTOP-00GDGS0] DEBUG 9412 [omcat-handler-0] com.zaxxer.hikari.HikariConfig           1132 : dataSourceJNDI..................none
2024-06-29 15:32:45,319 [DESKTOP-00GDGS0] DEBUG 9412 [omcat-handler-0] com.zaxxer.hikari.HikariConfig           1132 : dataSourceProperties............{password=<masked>}
2024-06-29 15:32:45,319 [DESKTOP-00GDGS0] DEBUG 9412 [omcat-handler-0] com.zaxxer.hikari.HikariConfig           1132 : driverClassName................."com.mysql.cj.jdbc.Driver"
2024-06-29 15:32:45,319 [DESKTOP-00GDGS0] DEBUG 9412 [omcat-handler-0] com.zaxxer.hikari.HikariConfig           1132 : exceptionOverrideClassName......none
2024-06-29 15:32:45,320 [DESKTOP-00GDGS0] DEBUG 9412 [omcat-handler-0] com.zaxxer.hikari.HikariConfig           1132 : healthCheckProperties...........{}
2024-06-29 15:32:45,320 [DESKTOP-00GDGS0] DEBUG 9412 [omcat-handler-0] com.zaxxer.hikari.HikariConfig           1132 : healthCheckRegistry.............none
2024-06-29 15:32:45,320 [DESKTOP-00GDGS0] DEBUG 9412 [omcat-handler-0] com.zaxxer.hikari.HikariConfig           1132 : idleTimeout.....................600000
2024-06-29 15:32:45,320 [DESKTOP-00GDGS0] DEBUG 9412 [omcat-handler-0] com.zaxxer.hikari.HikariConfig           1132 : initializationFailTimeout.......1
2024-06-29 15:32:45,321 [DESKTOP-00GDGS0] DEBUG 9412 [omcat-handler-0] com.zaxxer.hikari.HikariConfig           1132 : isolateInternalQueries..........false
2024-06-29 15:32:45,321 [DESKTOP-00GDGS0] DEBUG 9412 [omcat-handler-0] com.zaxxer.hikari.HikariConfig           1132 : jdbcUrl.........................jdbc:mysql://localhost:3306/health-care-data
2024-06-29 15:32:45,322 [DESKTOP-00GDGS0] DEBUG 9412 [omcat-handler-0] com.zaxxer.hikari.HikariConfig           1132 : keepaliveTime...................0
2024-06-29 15:32:45,322 [DESKTOP-00GDGS0] DEBUG 9412 [omcat-handler-0] com.zaxxer.hikari.HikariConfig           1132 : leakDetectionThreshold..........0
2024-06-29 15:32:45,322 [DESKTOP-00GDGS0] DEBUG 9412 [omcat-handler-0] com.zaxxer.hikari.HikariConfig           1132 : maxLifetime.....................1800000
2024-06-29 15:32:45,322 [DESKTOP-00GDGS0] DEBUG 9412 [omcat-handler-0] com.zaxxer.hikari.HikariConfig           1132 : maximumPoolSize.................3
2024-06-29 15:32:45,322 [DESKTOP-00GDGS0] DEBUG 9412 [omcat-handler-0] com.zaxxer.hikari.HikariConfig           1132 : metricRegistry..................none
2024-06-29 15:32:45,323 [DESKTOP-00GDGS0] DEBUG 9412 [omcat-handler-0] com.zaxxer.hikari.HikariConfig           1132 : metricsTrackerFactory...........none
2024-06-29 15:32:45,323 [DESKTOP-00GDGS0] DEBUG 9412 [omcat-handler-0] com.zaxxer.hikari.HikariConfig           1132 : minimumIdle.....................3
2024-06-29 15:32:45,323 [DESKTOP-00GDGS0] DEBUG 9412 [omcat-handler-0] com.zaxxer.hikari.HikariConfig           1132 : password........................<masked>
2024-06-29 15:32:45,323 [DESKTOP-00GDGS0] DEBUG 9412 [omcat-handler-0] com.zaxxer.hikari.HikariConfig           1132 : poolName........................"HikariPool-1"
2024-06-29 15:32:45,324 [DESKTOP-00GDGS0] DEBUG 9412 [omcat-handler-0] com.zaxxer.hikari.HikariConfig           1132 : readOnly........................false
2024-06-29 15:32:45,324 [DESKTOP-00GDGS0] DEBUG 9412 [omcat-handler-0] com.zaxxer.hikari.HikariConfig           1132 : registerMbeans..................false
2024-06-29 15:32:45,324 [DESKTOP-00GDGS0] DEBUG 9412 [omcat-handler-0] com.zaxxer.hikari.HikariConfig           1132 : scheduledExecutor...............none
2024-06-29 15:32:45,324 [DESKTOP-00GDGS0] DEBUG 9412 [omcat-handler-0] com.zaxxer.hikari.HikariConfig           1132 : schema..........................none
2024-06-29 15:32:45,324 [DESKTOP-00GDGS0] DEBUG 9412 [omcat-handler-0] com.zaxxer.hikari.HikariConfig           1132 : threadFactory...................internal
2024-06-29 15:32:45,324 [DESKTOP-00GDGS0] DEBUG 9412 [omcat-handler-0] com.zaxxer.hikari.HikariConfig           1132 : transactionIsolation............default
2024-06-29 15:32:45,324 [DESKTOP-00GDGS0] DEBUG 9412 [omcat-handler-0] com.zaxxer.hikari.HikariConfig           1132 : username........................"walnutek"
2024-06-29 15:32:45,326 [DESKTOP-00GDGS0] DEBUG 9412 [omcat-handler-0] com.zaxxer.hikari.HikariConfig           1132 : validationTimeout...............5000
2024-06-29 15:32:45,509 [DESKTOP-00GDGS0] DEBUG 9412 [omcat-handler-0] c.w.h.model.dao.PostDao.selectById       135 : ==>  Preparing: SELECT id,title,content,createTime FROM `post` WHERE id=?
2024-06-29 15:32:45,532 [DESKTOP-00GDGS0] DEBUG 9412 [omcat-handler-0] c.w.h.model.dao.PostDao.selectById       135 : ==> Parameters: 1(Integer)
2024-06-29 15:32:45,559 [DESKTOP-00GDGS0] DEBUG 9412 [omcat-handler-0] c.w.h.model.dao.PostDao.selectById       135 : <==      Total: 1
2024-06-29 15:32:45,587 [DESKTOP-00GDGS0] DEBUG 9412 [l-1 housekeeper] com.zaxxer.hikari.pool.HikariPool        414 : HikariPool-1 - Pool stats (total=1, active=1, idle=0, waiting=0)
2024-06-29 15:32:45,590 [DESKTOP-00GDGS0] DEBUG 9412 [onnection adder] com.zaxxer.hikari.pool.HikariPool        738 : HikariPool-1 - Added connection com.mysql.cj.jdbc.ConnectionImpl@468631c3
2024-06-29 15:32:45,604 [DESKTOP-00GDGS0] DEBUG 9412 [onnection adder] com.zaxxer.hikari.pool.HikariPool        738 : HikariPool-1 - Added connection com.mysql.cj.jdbc.ConnectionImpl@7bb3bf8
2024-06-29 15:32:45,618 [DESKTOP-00GDGS0] DEBUG 9412 [onnection adder] com.zaxxer.hikari.pool.HikariPool        414 : HikariPool-1 - After adding stats (total=3, active=1, idle=2, waiting=0)
2024-06-29 15:32:45,618 [DESKTOP-00GDGS0] DEBUG 9412 [omcat-handler-0] c.w.h.model.dao.PostDao.updateById       135 : ==>  Preparing: UPDATE `post` SET title=?, content=?, createTime=?, updateTime=? WHERE id=?
2024-06-29 15:32:45,621 [DESKTOP-00GDGS0] DEBUG 9412 [omcat-handler-0] c.w.h.model.dao.PostDao.updateById       135 : ==> Parameters: title1(String), content1(String), 2024-06-29T15:32:45.304284(LocalDateTime), null, null
2024-06-29 15:32:45,625 [DESKTOP-00GDGS0] DEBUG 9412 [omcat-handler-0] c.w.h.model.dao.PostDao.updateById       135 : <==    Updates: 0
2024-06-29 15:33:01,187 [DESKTOP-00GDGS0] DEBUG 9412 [ionShutdownHook] com.zaxxer.hikari.pool.HikariPool        414 : HikariPool-1 - Before shutdown stats (total=3, active=0, idle=3, waiting=0)
2024-06-29 15:33:01,189 [DESKTOP-00GDGS0] DEBUG 9412 [nnection closer] com.zaxxer.hikari.pool.PoolBase          132 : HikariPool-1 - Closing connection com.mysql.cj.jdbc.ConnectionImpl@3c82b718: (connection evicted)
2024-06-29 15:33:01,194 [DESKTOP-00GDGS0] DEBUG 9412 [nnection closer] com.zaxxer.hikari.pool.PoolBase          132 : HikariPool-1 - Closing connection com.mysql.cj.jdbc.ConnectionImpl@468631c3: (connection evicted)
2024-06-29 15:33:01,194 [DESKTOP-00GDGS0] DEBUG 9412 [nnection closer] com.zaxxer.hikari.pool.PoolBase          132 : HikariPool-1 - Closing connection com.mysql.cj.jdbc.ConnectionImpl@7bb3bf8: (connection evicted)
2024-06-29 15:33:01,194 [DESKTOP-00GDGS0] DEBUG 9412 [ionShutdownHook] com.zaxxer.hikari.pool.HikariPool        414 : HikariPool-1 - After shutdown stats (total=0, active=0, idle=0, waiting=0)
