2024-06-29 15:27:29,562 [DESKTOP-00GDGS0]  INFO 25412 [           main] c.w.h.HealthCareApiApplication           50 : Starting HealthCareApiApplication using Java 21 with PID 25412 (C:\Users\Xunhaoz\IdeaProjects\health-care-api\build\classes\java\main started by Xunhaoz in C:\Users\Xunhaoz\IdeaProjects\health-care-api)
2024-06-29 15:27:29,569 [DESKTOP-00GDGS0]  INFO 25412 [           main] c.w.h.HealthCareApiApplication           654 : No active profile set, falling back to 1 default profile: "default"
2024-06-29 15:27:30,900 [DESKTOP-00GDGS0]  INFO 25412 [           main] o.s.b.w.embedded.tomcat.TomcatWebServer  109 : Tomcat initialized with port 8080 (http)
2024-06-29 15:27:30,918 [DESKTOP-00GDGS0]  INFO 25412 [           main] o.a.coyote.http11.Http11NioProtocol      173 : The ["http-nio-8080"] connector has been configured to support HTTP upgrade to [h2c]
2024-06-29 15:27:30,919 [DESKTOP-00GDGS0]  INFO 25412 [           main] o.a.coyote.http11.Http11NioProtocol      173 : Initializing ProtocolHandler ["http-nio-8080"]
2024-06-29 15:27:30,921 [DESKTOP-00GDGS0]  INFO 25412 [           main] o.apache.catalina.core.StandardService   173 : Starting service [Tomcat]
2024-06-29 15:27:30,922 [DESKTOP-00GDGS0]  INFO 25412 [           main] o.apache.catalina.core.StandardEngine    173 : Starting Servlet engine: [Apache Tomcat/10.1.25]
2024-06-29 15:27:31,005 [DESKTOP-00GDGS0]  INFO 25412 [           main] o.a.c.c.C.[Tomcat].[localhost].[/]       173 : Initializing Spring embedded WebApplicationContext
2024-06-29 15:27:31,006 [DESKTOP-00GDGS0]  INFO 25412 [           main] w.s.c.ServletWebServerApplicationContext 296 : Root WebApplicationContext: initialization completed in 1338 ms
2024-06-29 15:27:31,776 [DESKTOP-00GDGS0]  INFO 25412 [           main] o.a.coyote.http11.Http11NioProtocol      173 : Starting ProtocolHandler ["http-nio-8080"]
2024-06-29 15:27:31,788 [DESKTOP-00GDGS0]  INFO 25412 [           main] o.s.b.w.embedded.tomcat.TomcatWebServer  241 : Tomcat started on port 8080 (http) with context path ''
2024-06-29 15:27:31,795 [DESKTOP-00GDGS0]  INFO 25412 [           main] c.w.h.HealthCareApiApplication           56 : Started HealthCareApiApplication in 3.234 seconds (process running for 3.905)
2024-06-29 15:27:46,582 [DESKTOP-00GDGS0]  INFO 25736 [           main] c.w.h.HealthCareApiApplication           50 : Starting HealthCareApiApplication using Java 21 with PID 25736 (C:\Users\Xunhaoz\IdeaProjects\health-care-api\build\classes\java\main started by Xunhaoz in C:\Users\Xunhaoz\IdeaProjects\health-care-api)
2024-06-29 15:27:46,585 [DESKTOP-00GDGS0]  INFO 25736 [           main] c.w.h.HealthCareApiApplication           654 : No active profile set, falling back to 1 default profile: "default"
2024-06-29 15:27:47,742 [DESKTOP-00GDGS0]  INFO 25736 [           main] o.s.b.w.embedded.tomcat.TomcatWebServer  109 : Tomcat initialized with port 8080 (http)
2024-06-29 15:27:47,755 [DESKTOP-00GDGS0]  INFO 25736 [           main] o.a.coyote.http11.Http11NioProtocol      173 : The ["http-nio-8080"] connector has been configured to support HTTP upgrade to [h2c]
2024-06-29 15:27:47,756 [DESKTOP-00GDGS0]  INFO 25736 [           main] o.a.coyote.http11.Http11NioProtocol      173 : Initializing ProtocolHandler ["http-nio-8080"]
2024-06-29 15:27:47,758 [DESKTOP-00GDGS0]  INFO 25736 [           main] o.apache.catalina.core.StandardService   173 : Starting service [Tomcat]
2024-06-29 15:27:47,759 [DESKTOP-00GDGS0]  INFO 25736 [           main] o.apache.catalina.core.StandardEngine    173 : Starting Servlet engine: [Apache Tomcat/10.1.25]
2024-06-29 15:27:47,831 [DESKTOP-00GDGS0]  INFO 25736 [           main] o.a.c.c.C.[Tomcat].[localhost].[/]       173 : Initializing Spring embedded WebApplicationContext
2024-06-29 15:27:47,831 [DESKTOP-00GDGS0]  INFO 25736 [           main] w.s.c.ServletWebServerApplicationContext 296 : Root WebApplicationContext: initialization completed in 1193 ms
2024-06-29 15:27:48,597 [DESKTOP-00GDGS0]  INFO 25736 [           main] o.a.coyote.http11.Http11NioProtocol      173 : Starting ProtocolHandler ["http-nio-8080"]
2024-06-29 15:27:48,608 [DESKTOP-00GDGS0]  INFO 25736 [           main] o.s.b.w.embedded.tomcat.TomcatWebServer  241 : Tomcat started on port 8080 (http) with context path ''
2024-06-29 15:27:48,616 [DESKTOP-00GDGS0]  INFO 25736 [           main] c.w.h.HealthCareApiApplication           56 : Started HealthCareApiApplication in 2.792 seconds (process running for 3.439)
2024-06-29 15:29:18,384 [DESKTOP-00GDGS0]  INFO 25736 [omcat-handler-1] o.a.c.c.C.[Tomcat].[localhost].[/]       173 : Initializing Spring DispatcherServlet 'dispatcherServlet'
2024-06-29 15:29:18,385 [DESKTOP-00GDGS0]  INFO 25736 [omcat-handler-1] o.s.web.servlet.DispatcherServlet        532 : Initializing Servlet 'dispatcherServlet'
2024-06-29 15:29:18,386 [DESKTOP-00GDGS0]  INFO 25736 [omcat-handler-1] o.s.web.servlet.DispatcherServlet        554 : Completed initialization in 1 ms
2024-06-29 15:29:18,507 [DESKTOP-00GDGS0]  INFO 25736 [omcat-handler-1] com.zaxxer.hikari.HikariDataSource       110 : HikariPool-1 - Starting...
2024-06-29 15:29:18,670 [DESKTOP-00GDGS0]  INFO 25736 [omcat-handler-1] com.zaxxer.hikari.pool.HikariPool        565 : HikariPool-1 - Added connection com.mysql.cj.jdbc.ConnectionImpl@7f668d90
2024-06-29 15:29:18,673 [DESKTOP-00GDGS0]  INFO 25736 [omcat-handler-1] com.zaxxer.hikari.HikariDataSource       123 : HikariPool-1 - Start completed.
2024-06-29 15:32:25,375 [DESKTOP-00GDGS0]  INFO 25736 [ionShutdownHook] com.zaxxer.hikari.HikariDataSource       350 : HikariPool-1 - Shutdown initiated...
2024-06-29 15:32:25,381 [DESKTOP-00GDGS0]  INFO 25736 [ionShutdownHook] com.zaxxer.hikari.HikariDataSource       352 : HikariPool-1 - Shutdown completed.
