2024-06-29 15:41:41,401 [DESKTOP-00GDGS0] DEBUG 27200 [           main] c.w.h.HealthCareApiApplication           51 : Running with Spring Boot v3.2.7, Spring v6.1.10
2024-06-29 15:41:42,833 [DESKTOP-00GDGS0] DEBUG 27200 [           main] com.zaxxer.hikari.HikariConfig           968 : Driver class com.mysql.cj.jdbc.Driver found in Thread context class loader jdk.internal.loader.ClassLoaders$AppClassLoader@36baf30c
2024-06-29 15:41:55,597 [DESKTOP-00GDGS0] DEBUG 24780 [           main] c.w.h.HealthCareApiApplication           51 : Running with Spring Boot v3.2.7, Spring v6.1.10
2024-06-29 15:41:57,051 [DESKTOP-00GDGS0] DEBUG 24780 [           main] com.zaxxer.hikari.HikariConfig           968 : Driver class com.mysql.cj.jdbc.Driver found in Thread context class loader jdk.internal.loader.ClassLoaders$AppClassLoader@36baf30c
2024-06-29 15:42:15,795 [DESKTOP-00GDGS0] DEBUG 24780 [omcat-handler-3] com.zaxxer.hikari.HikariConfig           1100 : HikariPool-1 - configuration:
2024-06-29 15:42:15,798 [DESKTOP-00GDGS0] DEBUG 24780 [omcat-handler-3] com.zaxxer.hikari.HikariConfig           1132 : allowPoolSuspension.............false
2024-06-29 15:42:15,798 [DESKTOP-00GDGS0] DEBUG 24780 [omcat-handler-3] com.zaxxer.hikari.HikariConfig           1132 : autoCommit......................true
2024-06-29 15:42:15,799 [DESKTOP-00GDGS0] DEBUG 24780 [omcat-handler-3] com.zaxxer.hikari.HikariConfig           1132 : catalog.........................none
2024-06-29 15:42:15,799 [DESKTOP-00GDGS0] DEBUG 24780 [omcat-handler-3] com.zaxxer.hikari.HikariConfig           1132 : connectionInitSql...............none
2024-06-29 15:42:15,799 [DESKTOP-00GDGS0] DEBUG 24780 [omcat-handler-3] com.zaxxer.hikari.HikariConfig           1132 : connectionTestQuery.............none
2024-06-29 15:42:15,800 [DESKTOP-00GDGS0] DEBUG 24780 [omcat-handler-3] com.zaxxer.hikari.HikariConfig           1132 : connectionTimeout...............30000
2024-06-29 15:42:15,801 [DESKTOP-00GDGS0] DEBUG 24780 [omcat-handler-3] com.zaxxer.hikari.HikariConfig           1132 : dataSource......................none
2024-06-29 15:42:15,801 [DESKTOP-00GDGS0] DEBUG 24780 [omcat-handler-3] com.zaxxer.hikari.HikariConfig           1132 : dataSourceClassName.............none
2024-06-29 15:42:15,801 [DESKTOP-00GDGS0] DEBUG 24780 [omcat-handler-3] com.zaxxer.hikari.HikariConfig           1132 : dataSourceJNDI..................none
2024-06-29 15:42:15,801 [DESKTOP-00GDGS0] DEBUG 24780 [omcat-handler-3] com.zaxxer.hikari.HikariConfig           1132 : dataSourceProperties............{password=<masked>}
2024-06-29 15:42:15,801 [DESKTOP-00GDGS0] DEBUG 24780 [omcat-handler-3] com.zaxxer.hikari.HikariConfig           1132 : driverClassName................."com.mysql.cj.jdbc.Driver"
2024-06-29 15:42:15,803 [DESKTOP-00GDGS0] DEBUG 24780 [omcat-handler-3] com.zaxxer.hikari.HikariConfig           1132 : exceptionOverrideClassName......none
2024-06-29 15:42:15,803 [DESKTOP-00GDGS0] DEBUG 24780 [omcat-handler-3] com.zaxxer.hikari.HikariConfig           1132 : healthCheckProperties...........{}
2024-06-29 15:42:15,803 [DESKTOP-00GDGS0] DEBUG 24780 [omcat-handler-3] com.zaxxer.hikari.HikariConfig           1132 : healthCheckRegistry.............none
2024-06-29 15:42:15,803 [DESKTOP-00GDGS0] DEBUG 24780 [omcat-handler-3] com.zaxxer.hikari.HikariConfig           1132 : idleTimeout.....................600000
2024-06-29 15:42:15,803 [DESKTOP-00GDGS0] DEBUG 24780 [omcat-handler-3] com.zaxxer.hikari.HikariConfig           1132 : initializationFailTimeout.......1
2024-06-29 15:42:15,804 [DESKTOP-00GDGS0] DEBUG 24780 [omcat-handler-3] com.zaxxer.hikari.HikariConfig           1132 : isolateInternalQueries..........false
2024-06-29 15:42:15,804 [DESKTOP-00GDGS0] DEBUG 24780 [omcat-handler-3] com.zaxxer.hikari.HikariConfig           1132 : jdbcUrl.........................jdbc:mysql://localhost:3306/health-care-data
2024-06-29 15:42:15,804 [DESKTOP-00GDGS0] DEBUG 24780 [omcat-handler-3] com.zaxxer.hikari.HikariConfig           1132 : keepaliveTime...................0
2024-06-29 15:42:15,804 [DESKTOP-00GDGS0] DEBUG 24780 [omcat-handler-3] com.zaxxer.hikari.HikariConfig           1132 : leakDetectionThreshold..........0
2024-06-29 15:42:15,805 [DESKTOP-00GDGS0] DEBUG 24780 [omcat-handler-3] com.zaxxer.hikari.HikariConfig           1132 : maxLifetime.....................1800000
2024-06-29 15:42:15,805 [DESKTOP-00GDGS0] DEBUG 24780 [omcat-handler-3] com.zaxxer.hikari.HikariConfig           1132 : maximumPoolSize.................3
2024-06-29 15:42:15,805 [DESKTOP-00GDGS0] DEBUG 24780 [omcat-handler-3] com.zaxxer.hikari.HikariConfig           1132 : metricRegistry..................none
2024-06-29 15:42:15,805 [DESKTOP-00GDGS0] DEBUG 24780 [omcat-handler-3] com.zaxxer.hikari.HikariConfig           1132 : metricsTrackerFactory...........none
2024-06-29 15:42:15,806 [DESKTOP-00GDGS0] DEBUG 24780 [omcat-handler-3] com.zaxxer.hikari.HikariConfig           1132 : minimumIdle.....................3
2024-06-29 15:42:15,806 [DESKTOP-00GDGS0] DEBUG 24780 [omcat-handler-3] com.zaxxer.hikari.HikariConfig           1132 : password........................<masked>
2024-06-29 15:42:15,806 [DESKTOP-00GDGS0] DEBUG 24780 [omcat-handler-3] com.zaxxer.hikari.HikariConfig           1132 : poolName........................"HikariPool-1"
2024-06-29 15:42:15,806 [DESKTOP-00GDGS0] DEBUG 24780 [omcat-handler-3] com.zaxxer.hikari.HikariConfig           1132 : readOnly........................false
2024-06-29 15:42:15,807 [DESKTOP-00GDGS0] DEBUG 24780 [omcat-handler-3] com.zaxxer.hikari.HikariConfig           1132 : registerMbeans..................false
2024-06-29 15:42:15,807 [DESKTOP-00GDGS0] DEBUG 24780 [omcat-handler-3] com.zaxxer.hikari.HikariConfig           1132 : scheduledExecutor...............none
2024-06-29 15:42:15,807 [DESKTOP-00GDGS0] DEBUG 24780 [omcat-handler-3] com.zaxxer.hikari.HikariConfig           1132 : schema..........................none
2024-06-29 15:42:15,807 [DESKTOP-00GDGS0] DEBUG 24780 [omcat-handler-3] com.zaxxer.hikari.HikariConfig           1132 : threadFactory...................internal
2024-06-29 15:42:15,807 [DESKTOP-00GDGS0] DEBUG 24780 [omcat-handler-3] com.zaxxer.hikari.HikariConfig           1132 : transactionIsolation............default
2024-06-29 15:42:15,807 [DESKTOP-00GDGS0] DEBUG 24780 [omcat-handler-3] com.zaxxer.hikari.HikariConfig           1132 : username........................"walnutek"
2024-06-29 15:42:15,808 [DESKTOP-00GDGS0] DEBUG 24780 [omcat-handler-3] com.zaxxer.hikari.HikariConfig           1132 : validationTimeout...............5000
2024-06-29 15:42:16,119 [DESKTOP-00GDGS0] DEBUG 24780 [l-1 housekeeper] com.zaxxer.hikari.pool.HikariPool        414 : HikariPool-1 - Pool stats (total=1, active=0, idle=1, waiting=0)
2024-06-29 15:42:16,124 [DESKTOP-00GDGS0] DEBUG 24780 [onnection adder] com.zaxxer.hikari.pool.HikariPool        738 : HikariPool-1 - Added connection com.mysql.cj.jdbc.ConnectionImpl@63826444
2024-06-29 15:42:16,137 [DESKTOP-00GDGS0] DEBUG 24780 [onnection adder] com.zaxxer.hikari.pool.HikariPool        738 : HikariPool-1 - Added connection com.mysql.cj.jdbc.ConnectionImpl@22bf6e7f
2024-06-29 15:42:16,150 [DESKTOP-00GDGS0] DEBUG 24780 [onnection adder] com.zaxxer.hikari.pool.HikariPool        414 : HikariPool-1 - After adding stats (total=3, active=0, idle=3, waiting=0)
2024-06-29 15:42:46,121 [DESKTOP-00GDGS0] DEBUG 24780 [l-1 housekeeper] com.zaxxer.hikari.pool.HikariPool        414 : HikariPool-1 - Pool stats (total=3, active=0, idle=3, waiting=0)
2024-06-29 15:42:46,121 [DESKTOP-00GDGS0] DEBUG 24780 [l-1 housekeeper] com.zaxxer.hikari.pool.HikariPool        521 : HikariPool-1 - Fill pool skipped, pool has sufficient level or currently being filled (queueDepth=0).
2024-06-29 15:43:16,132 [DESKTOP-00GDGS0] DEBUG 24780 [l-1 housekeeper] com.zaxxer.hikari.pool.HikariPool        414 : HikariPool-1 - Pool stats (total=3, active=0, idle=3, waiting=0)
2024-06-29 15:43:16,132 [DESKTOP-00GDGS0] DEBUG 24780 [l-1 housekeeper] com.zaxxer.hikari.pool.HikariPool        521 : HikariPool-1 - Fill pool skipped, pool has sufficient level or currently being filled (queueDepth=0).
2024-06-29 15:43:46,134 [DESKTOP-00GDGS0] DEBUG 24780 [l-1 housekeeper] com.zaxxer.hikari.pool.HikariPool        414 : HikariPool-1 - Pool stats (total=3, active=0, idle=3, waiting=0)
2024-06-29 15:43:46,134 [DESKTOP-00GDGS0] DEBUG 24780 [l-1 housekeeper] com.zaxxer.hikari.pool.HikariPool        521 : HikariPool-1 - Fill pool skipped, pool has sufficient level or currently being filled (queueDepth=0).
2024-06-29 15:44:16,149 [DESKTOP-00GDGS0] DEBUG 24780 [l-1 housekeeper] com.zaxxer.hikari.pool.HikariPool        414 : HikariPool-1 - Pool stats (total=3, active=0, idle=3, waiting=0)
2024-06-29 15:44:16,149 [DESKTOP-00GDGS0] DEBUG 24780 [l-1 housekeeper] com.zaxxer.hikari.pool.HikariPool        521 : HikariPool-1 - Fill pool skipped, pool has sufficient level or currently being filled (queueDepth=0).
2024-06-29 15:44:46,151 [DESKTOP-00GDGS0] DEBUG 24780 [l-1 housekeeper] com.zaxxer.hikari.pool.HikariPool        414 : HikariPool-1 - Pool stats (total=3, active=0, idle=3, waiting=0)
2024-06-29 15:44:46,151 [DESKTOP-00GDGS0] DEBUG 24780 [l-1 housekeeper] com.zaxxer.hikari.pool.HikariPool        521 : HikariPool-1 - Fill pool skipped, pool has sufficient level or currently being filled (queueDepth=0).
2024-06-29 15:45:16,153 [DESKTOP-00GDGS0] DEBUG 24780 [l-1 housekeeper] com.zaxxer.hikari.pool.HikariPool        414 : HikariPool-1 - Pool stats (total=3, active=0, idle=3, waiting=0)
2024-06-29 15:45:16,153 [DESKTOP-00GDGS0] DEBUG 24780 [l-1 housekeeper] com.zaxxer.hikari.pool.HikariPool        521 : HikariPool-1 - Fill pool skipped, pool has sufficient level or currently being filled (queueDepth=0).
2024-06-29 15:45:46,167 [DESKTOP-00GDGS0] DEBUG 24780 [l-1 housekeeper] com.zaxxer.hikari.pool.HikariPool        414 : HikariPool-1 - Pool stats (total=3, active=0, idle=3, waiting=0)
2024-06-29 15:45:46,167 [DESKTOP-00GDGS0] DEBUG 24780 [l-1 housekeeper] com.zaxxer.hikari.pool.HikariPool        521 : HikariPool-1 - Fill pool skipped, pool has sufficient level or currently being filled (queueDepth=0).
2024-06-29 15:46:16,182 [DESKTOP-00GDGS0] DEBUG 24780 [l-1 housekeeper] com.zaxxer.hikari.pool.HikariPool        414 : HikariPool-1 - Pool stats (total=3, active=0, idle=3, waiting=0)
2024-06-29 15:46:16,182 [DESKTOP-00GDGS0] DEBUG 24780 [l-1 housekeeper] com.zaxxer.hikari.pool.HikariPool        521 : HikariPool-1 - Fill pool skipped, pool has sufficient level or currently being filled (queueDepth=0).
2024-06-29 15:46:19,146 [DESKTOP-00GDGS0] DEBUG 24780 [ionShutdownHook] com.zaxxer.hikari.pool.HikariPool        414 : HikariPool-1 - Before shutdown stats (total=3, active=0, idle=3, waiting=0)
2024-06-29 15:46:19,147 [DESKTOP-00GDGS0] DEBUG 24780 [nnection closer] com.zaxxer.hikari.pool.PoolBase          132 : HikariPool-1 - Closing connection com.mysql.cj.jdbc.ConnectionImpl@7d6ffa01: (connection evicted)
2024-06-29 15:46:19,151 [DESKTOP-00GDGS0] DEBUG 24780 [nnection closer] com.zaxxer.hikari.pool.PoolBase          132 : HikariPool-1 - Closing connection com.mysql.cj.jdbc.ConnectionImpl@63826444: (connection evicted)
2024-06-29 15:46:19,152 [DESKTOP-00GDGS0] DEBUG 24780 [nnection closer] com.zaxxer.hikari.pool.PoolBase          132 : HikariPool-1 - Closing connection com.mysql.cj.jdbc.ConnectionImpl@22bf6e7f: (connection evicted)
2024-06-29 15:46:19,152 [DESKTOP-00GDGS0] DEBUG 24780 [ionShutdownHook] com.zaxxer.hikari.pool.HikariPool        414 : HikariPool-1 - After shutdown stats (total=0, active=0, idle=0, waiting=0)
