2024-06-29 15:33:04,906 [DESKTOP-00GDGS0]  INFO 8752 [           main] c.w.h.HealthCareApiApplication           50 : Starting HealthCareApiApplication using Java 21 with PID 8752 (C:\Users\Xunhaoz\IdeaProjects\health-care-api\build\classes\java\main started by Xunhaoz in C:\Users\Xunhaoz\IdeaProjects\health-care-api)
2024-06-29 15:33:04,909 [DESKTOP-00GDGS0]  INFO 8752 [           main] c.w.h.HealthCareApiApplication           654 : No active profile set, falling back to 1 default profile: "default"
2024-06-29 15:33:06,018 [DESKTOP-00GDGS0]  INFO 8752 [           main] o.s.b.w.embedded.tomcat.TomcatWebServer  109 : Tomcat initialized with port 8080 (http)
2024-06-29 15:33:06,028 [DESKTOP-00GDGS0]  INFO 8752 [           main] o.a.coyote.http11.Http11NioProtocol      173 : The ["http-nio-8080"] connector has been configured to support HTTP upgrade to [h2c]
2024-06-29 15:33:06,029 [DESKTOP-00GDGS0]  INFO 8752 [           main] o.a.coyote.http11.Http11NioProtocol      173 : Initializing ProtocolHandler ["http-nio-8080"]
2024-06-29 15:33:06,031 [DESKTOP-00GDGS0]  INFO 8752 [           main] o.apache.catalina.core.StandardService   173 : Starting service [Tomcat]
2024-06-29 15:33:06,032 [DESKTOP-00GDGS0]  INFO 8752 [           main] o.apache.catalina.core.StandardEngine    173 : Starting Servlet engine: [Apache Tomcat/10.1.25]
2024-06-29 15:33:06,092 [DESKTOP-00GDGS0]  INFO 8752 [           main] o.a.c.c.C.[Tomcat].[localhost].[/]       173 : Initializing Spring embedded WebApplicationContext
2024-06-29 15:33:06,092 [DESKTOP-00GDGS0]  INFO 8752 [           main] w.s.c.ServletWebServerApplicationContext 296 : Root WebApplicationContext: initialization completed in 1134 ms
2024-06-29 15:33:06,783 [DESKTOP-00GDGS0]  INFO 8752 [           main] o.a.coyote.http11.Http11NioProtocol      173 : Starting ProtocolHandler ["http-nio-8080"]
2024-06-29 15:33:06,794 [DESKTOP-00GDGS0]  INFO 8752 [           main] o.s.b.w.embedded.tomcat.TomcatWebServer  241 : Tomcat started on port 8080 (http) with context path ''
2024-06-29 15:33:06,802 [DESKTOP-00GDGS0]  INFO 8752 [           main] c.w.h.HealthCareApiApplication           56 : Started HealthCareApiApplication in 2.583 seconds (process running for 3.198)
2024-06-29 15:33:13,509 [DESKTOP-00GDGS0]  INFO 8752 [omcat-handler-1] o.a.c.c.C.[Tomcat].[localhost].[/]       173 : Initializing Spring DispatcherServlet 'dispatcherServlet'
2024-06-29 15:33:13,510 [DESKTOP-00GDGS0]  INFO 8752 [omcat-handler-1] o.s.web.servlet.DispatcherServlet        532 : Initializing Servlet 'dispatcherServlet'
2024-06-29 15:33:13,511 [DESKTOP-00GDGS0]  INFO 8752 [omcat-handler-1] o.s.web.servlet.DispatcherServlet        554 : Completed initialization in 1 ms
2024-06-29 15:33:13,642 [DESKTOP-00GDGS0]  INFO 8752 [omcat-handler-1] com.zaxxer.hikari.HikariDataSource       110 : HikariPool-1 - Starting...
2024-06-29 15:33:13,806 [DESKTOP-00GDGS0]  INFO 8752 [omcat-handler-1] com.zaxxer.hikari.pool.HikariPool        565 : HikariPool-1 - Added connection com.mysql.cj.jdbc.ConnectionImpl@22b34bfe
2024-06-29 15:33:13,809 [DESKTOP-00GDGS0]  INFO 8752 [omcat-handler-1] com.zaxxer.hikari.HikariDataSource       123 : HikariPool-1 - Start completed.
2024-06-29 15:38:34,589 [DESKTOP-00GDGS0]  INFO 8752 [ionShutdownHook] com.zaxxer.hikari.HikariDataSource       350 : HikariPool-1 - Shutdown initiated...
2024-06-29 15:38:34,597 [DESKTOP-00GDGS0]  INFO 8752 [ionShutdownHook] com.zaxxer.hikari.HikariDataSource       352 : HikariPool-1 - Shutdown completed.
